#
# There is insufficient memory for the Java Runtime Environment to continue.
# Native memory allocation (malloc) failed to allocate 125856 bytes. Error detail: Chunk::new
# Possible reasons:
#   The system is out of physical RAM or swap space
#   This process is running with CompressedOops enabled, and the Java Heap may be blocking the growth of the native heap
# Possible solutions:
#   Reduce memory load on the system
#   Increase physical memory or swap space
#   Check if swap backing store is full
#   Decrease Java heap size (-Xmx/-Xms)
#   Decrease number of Java threads
#   Decrease Java thread stack sizes (-Xss)
#   Set larger code cache with -XX:ReservedCodeCacheSize=
#   JVM is running with Unscaled Compressed Oops mode in which the Java heap is
#     placed in the first 4GB address space. The Java Heap base address is the
#     maximum limit for the native heap growth. Please use -XX:HeapBaseMinAddress
#     to set the Java Heap base and to place the Java Heap above 4GB virtual address.
# This output file may be truncated or incomplete.
#
#  Out of Memory Error (arena.cpp:191), pid=25916, tid=26960
#
# JRE version: OpenJDK Runtime Environment Temurin-17.0.13+11 (17.0.13+11) (build 17.0.13+11)
# Java VM: OpenJDK 64-Bit Server VM Temurin-17.0.13+11 (17.0.13+11, mixed mode, tiered, compressed oops, compressed class ptrs, parallel gc, windows-amd64)
# No core dump will be written. Minidumps are not enabled by default on client versions of Windows
#

---------------  S U M M A R Y ------------

Command Line: --add-modules=ALL-SYSTEM --add-opens=java.base/java.util=ALL-UNNAMED --add-opens=java.base/java.lang=ALL-UNNAMED --add-opens=java.base/sun.nio.fs=ALL-UNNAMED -Declipse.application=org.eclipse.jdt.ls.core.id1 -Dosgi.bundles.defaultStartLevel=4 -Declipse.product=org.eclipse.jdt.ls.core.product -Djava.import.generatesMetadataFilesAtProjectRoot=false -DDetectVMInstallationsJob.disabled=true -Dfile.encoding=utf8 -XX:+UseParallelGC -XX:GCTimeRatio=4 -XX:AdaptiveSizePolicyWeight=90 -Dsun.zip.disableMemoryMapping=true -Xmx1G -Xms100m -Xlog:disable -javaagent:c:\Users\Admin\.vscode\extensions\redhat.java-1.37.0-win32-x64\lombok\lombok-1.18.34.jar -XX:+HeapDumpOnOutOfMemoryError -XX:HeapDumpPath=c:\Users\Admin\AppData\Roaming\Code\User\workspaceStorage\cc69028996799193041f2315f311b7b0\redhat.java -Daether.dependencyCollector.impl=bf c:\Users\Admin\.vscode\extensions\redhat.java-1.37.0-win32-x64\server\plugins\org.eclipse.equinox.launcher_1.6.900.v20240613-2009.jar -configuration c:\Users\Admin\AppData\Roaming\Code\User\globalStorage\redhat.java\1.37.0\config_win -data c:\Users\Admin\AppData\Roaming\Code\User\workspaceStorage\cc69028996799193041f2315f311b7b0\redhat.java\jdt_ws --pipe=\\.\pipe\lsp-b1338f34ee2d158644500bfc09d06ade-sock

Host: AMD Ryzen 5 5500U with Radeon Graphics         , 12 cores, 15G,  Windows 11 , 64 bit Build 26100 (10.0.26100.2454)
Time: Sun Dec  8 22:21:16 2024 SE Asia Standard Time elapsed time: 8.394995 seconds (0d 0h 0m 8s)

---------------  T H R E A D  ---------------

Current thread (0x000001517d0b2390):  JavaThread "C2 CompilerThread1" daemon [_thread_in_native, id=26960, stack(0x0000004006800000,0x0000004006900000)]


Current CompileTask:
C2:   8395 1099       4       lombok.launch.PackageShader::apply (252 bytes)

Stack: [0x0000004006800000,0x0000004006900000]
Native frames: (J=compiled Java code, j=interpreted, Vv=VM code, C=native code)
V  [jvm.dll+0x682a19]
V  [jvm.dll+0x839538]
V  [jvm.dll+0x83afe3]
V  [jvm.dll+0x83b653]
V  [jvm.dll+0x24704f]
V  [jvm.dll+0xace34]
V  [jvm.dll+0xad4cc]
V  [jvm.dll+0x36597e]
V  [jvm.dll+0x1ba4d1]
V  [jvm.dll+0x2181a7]
V  [jvm.dll+0x21748f]
V  [jvm.dll+0x1a3070]
V  [jvm.dll+0x22788c]
V  [jvm.dll+0x2259eb]
V  [jvm.dll+0x7eec98]
V  [jvm.dll+0x7e8ffc]
V  [jvm.dll+0x6818f7]
C  [ucrtbase.dll+0x14ea0]
C  [KERNEL32.DLL+0x2e8d7]
C  [ntdll.dll+0xdfbcc]


---------------  P R O C E S S  ---------------

Threads class SMR info:
_java_thread_list=0x000001517d30a830, length=14, elements={
0x0000015170b3c6f0, 0x00000151761d3040, 0x00000151761d4de0, 0x000001517b2b6590,
0x000001517b2b6f60, 0x000001517b2b7a30, 0x000001517b2b8400, 0x000001517b2e5350,
0x000001517b347510, 0x000001517b359490, 0x0000015170b9db90, 0x000001517b613c10,
0x000001517d0b2390, 0x000001517d473840
}

Java Threads: ( => current thread )
  0x0000015170b3c6f0 JavaThread "main" [_thread_in_native, id=15892, stack(0x0000004005300000,0x0000004005400000)]
  0x00000151761d3040 JavaThread "Reference Handler" daemon [_thread_blocked, id=4164, stack(0x0000004005600000,0x0000004005700000)]
  0x00000151761d4de0 JavaThread "Finalizer" daemon [_thread_blocked, id=1116, stack(0x0000004005700000,0x0000004005800000)]
  0x000001517b2b6590 JavaThread "Signal Dispatcher" daemon [_thread_blocked, id=12780, stack(0x0000004005800000,0x0000004005900000)]
  0x000001517b2b6f60 JavaThread "Attach Listener" daemon [_thread_blocked, id=22048, stack(0x0000004005900000,0x0000004005a00000)]
  0x000001517b2b7a30 JavaThread "Service Thread" daemon [_thread_blocked, id=29396, stack(0x0000004005a00000,0x0000004005b00000)]
  0x000001517b2b8400 JavaThread "Monitor Deflation Thread" daemon [_thread_blocked, id=24504, stack(0x0000004005b00000,0x0000004005c00000)]
  0x000001517b2e5350 JavaThread "C2 CompilerThread0" daemon [_thread_blocked, id=21056, stack(0x0000004005c00000,0x0000004005d00000)]
  0x000001517b347510 JavaThread "C1 CompilerThread0" daemon [_thread_blocked, id=14236, stack(0x0000004005d00000,0x0000004005e00000)]
  0x000001517b359490 JavaThread "Sweeper thread" daemon [_thread_blocked, id=6820, stack(0x0000004005e00000,0x0000004005f00000)]
  0x0000015170b9db90 JavaThread "Common-Cleaner" daemon [_thread_blocked, id=21328, stack(0x0000004005f00000,0x0000004006000000)]
  0x000001517b613c10 JavaThread "Notification Thread" daemon [_thread_blocked, id=27832, stack(0x0000004006100000,0x0000004006200000)]
=>0x000001517d0b2390 JavaThread "C2 CompilerThread1" daemon [_thread_in_native, id=26960, stack(0x0000004006800000,0x0000004006900000)]
  0x000001517d473840 JavaThread "C2 CompilerThread2" daemon [_thread_in_native, id=20552, stack(0x0000004006900000,0x0000004006a00000)]

Other Threads:
  0x0000015170baf2e0 VMThread "VM Thread" [stack: 0x0000004005500000,0x0000004005600000] [id=23512]
  0x000001517cb740e0 WatcherThread [stack: 0x0000004006200000,0x0000004006300000] [id=11896]
  0x0000015170b519e0 GCTaskThread "GC Thread#0" [stack: 0x0000004005400000,0x0000004005500000] [id=18336]
  0x000001517cecccf0 GCTaskThread "GC Thread#1" [stack: 0x0000004006000000,0x0000004006100000] [id=25648]
  0x000001517ceccfb0 GCTaskThread "GC Thread#2" [stack: 0x0000004006300000,0x0000004006400000] [id=29036]
  0x000001517d098210 GCTaskThread "GC Thread#3" [stack: 0x0000004006400000,0x0000004006500000] [id=12480]
  0x000001517d018660 GCTaskThread "GC Thread#4" [stack: 0x0000004006500000,0x0000004006600000] [id=26776]
  0x000001517d018920 GCTaskThread "GC Thread#5" [stack: 0x0000004006600000,0x0000004006700000] [id=29520]
  0x000001517d018be0 GCTaskThread "GC Thread#6" [stack: 0x0000004006700000,0x0000004006800000] [id=29528]

Threads with active compile tasks:
C2 CompilerThread1     8729 1099       4       lombok.launch.PackageShader::apply (252 bytes)
C2 CompilerThread2     8729 1108       4       jdk.internal.jimage.ImageLocation::verify (218 bytes)

VM state: not at safepoint (normal execution)

VM Mutex/Monitor currently owned by a thread: None

Heap address: 0x00000000c0000000, size: 1024 MB, Compressed Oops mode: 32-bit

CDS archive(s) not mapped
Compressed class space mapped at: 0x0000000100000000-0x0000000140000000, reserved size: 1073741824
Narrow klass base: 0x0000000000000000, Narrow klass shift: 3, Narrow klass range: 0x140000000

GC Precious Log:
 CPUs: 12 total, 12 available
 Memory: 15706M
 Large Page Support: Disabled
 NUMA Support: Disabled
 Compressed Oops: Enabled (32-bit)
 Alignments: Space 512K, Generation 512K, Heap 2M
 Heap Min Capacity: 100M
 Heap Initial Capacity: 100M
 Heap Max Capacity: 1G
 Pre-touch: Disabled
 Parallel Workers: 10

Heap:
 PSYoungGen      total 29696K, used 16061K [0x00000000eab00000, 0x00000000ecc00000, 0x0000000100000000)
  eden space 25600K, 50% used [0x00000000eab00000,0x00000000eb796120,0x00000000ec400000)
  from space 4096K, 77% used [0x00000000ec400000,0x00000000ec719340,0x00000000ec800000)
  to   space 4096K, 0% used [0x00000000ec800000,0x00000000ec800000,0x00000000ecc00000)
 ParOldGen       total 68608K, used 16K [0x00000000c0000000, 0x00000000c4300000, 0x00000000eab00000)
  object space 68608K, 0% used [0x00000000c0000000,0x00000000c0004000,0x00000000c4300000)
 Metaspace       used 12584K, committed 12736K, reserved 1114112K
  class space    used 1233K, committed 1344K, reserved 1048576K

Card table byte_map: [0x0000015173a70000,0x0000015173c80000] _byte_map_base: 0x0000015173470000

Marking Bits: (ParMarkBitMap*) 0x00007ffcf7376940
 Begin Bits: [0x0000015173de0000, 0x0000015174de0000)
 End Bits:   [0x0000015174de0000, 0x0000015175de0000)

Polling page: 0x000001516f2f0000

Metaspace:

Usage:
  Non-class:     11.08 MB used.
      Class:      1.20 MB used.
       Both:     12.29 MB used.

Virtual space:
  Non-class space:       64.00 MB reserved,      11.12 MB ( 17%) committed,  1 nodes.
      Class space:        1.00 GB reserved,       1.31 MB ( <1%) committed,  1 nodes.
             Both:        1.06 GB reserved,      12.44 MB (  1%) committed. 

Chunk freelists:
   Non-Class:  4.12 MB
       Class:  14.57 MB
        Both:  18.70 MB

MaxMetaspaceSize: unlimited
CompressedClassSpaceSize: 1.00 GB
Initial GC threshold: 21.00 MB
Current GC threshold: 21.00 MB
CDS: off
MetaspaceReclaimPolicy: balanced
 - commit_granule_bytes: 65536.
 - commit_granule_words: 8192.
 - virtual_space_node_default_size: 8388608.
 - enlarge_chunks_in_place: 1.
 - new_chunks_are_fully_committed: 0.
 - uncommit_free_chunks: 1.
 - use_allocation_guard: 0.
 - handle_deallocations: 1.


Internal statistics:

num_allocs_failed_limit: 0.
num_arena_births: 42.
num_arena_deaths: 0.
num_vsnodes_births: 2.
num_vsnodes_deaths: 0.
num_space_committed: 199.
num_space_uncommitted: 0.
num_chunks_returned_to_freelist: 0.
num_chunks_taken_from_freelist: 161.
num_chunk_merges: 0.
num_chunk_splits: 111.
num_chunks_enlarged: 92.
num_inconsistent_stats: 0.

CodeHeap 'non-profiled nmethods': size=120000Kb used=542Kb max_used=542Kb free=119457Kb
 bounds [0x0000015107ad0000, 0x0000015107d40000, 0x000001510f000000]
CodeHeap 'profiled nmethods': size=120000Kb used=2218Kb max_used=2218Kb free=117781Kb
 bounds [0x0000015100000000, 0x0000015100270000, 0x0000015107530000]
CodeHeap 'non-nmethods': size=5760Kb used=1146Kb max_used=1176Kb free=4613Kb
 bounds [0x0000015107530000, 0x00000151077a0000, 0x0000015107ad0000]
 total_blobs=1742 nmethods=1303 adapters=354
 compilation: enabled
              stopped_count=0, restarted_count=0
 full_count=0

Compilation events (20 events):
Event: 3.316 Thread 0x000001517b347510 nmethod 1103 0x00000151001ce990 code [0x00000151001cebc0, 0x00000151001cf3d8]
Event: 3.316 Thread 0x000001517b347510 1104       3       java.lang.ClassLoader::defineClass (43 bytes)
Event: 3.316 Thread 0x000001517b347510 nmethod 1104 0x00000151001cf710 code [0x00000151001cf900, 0x00000151001cfdf8]
Event: 3.316 Thread 0x000001517b347510 1105       3       java.lang.ClassLoader::preDefineClass (118 bytes)
Event: 3.317 Thread 0x000001517b347510 nmethod 1105 0x00000151001d0090 code [0x00000151001d0400, 0x00000151001d1678]
Event: 3.318 Thread 0x000001517b347510 1106       3       java.lang.ClassLoader::getNamedPackage (73 bytes)
Event: 3.319 Thread 0x000001517b347510 nmethod 1106 0x00000151001d1d90 code [0x00000151001d1f80, 0x00000151001d24a8]
Event: 3.320 Thread 0x000001517b347510 1107       3       java.util.WeakHashMap::get (75 bytes)
Event: 3.320 Thread 0x000001517b347510 nmethod 1107 0x00000151001d2690 code [0x00000151001d28c0, 0x00000151001d3118]
Event: 3.328 Thread 0x000001517d473840 1108       4       jdk.internal.jimage.ImageLocation::verify (218 bytes)
Event: 3.332 Thread 0x000001517b347510 1109       3       sun.net.util.URLUtil::urlNoFragString (114 bytes)
Event: 3.334 Thread 0x000001517b347510 nmethod 1109 0x00000151001d3490 code [0x00000151001d37c0, 0x00000151001d47c8]
Event: 3.335 Thread 0x000001517b347510 1111       1       java.net.JarURLConnection::getJarFileURL (5 bytes)
Event: 4.349 Thread 0x000001517b347510 nmethod 1111 0x0000015107b41610 code [0x0000015107b417a0, 0x0000015107b41878]
Event: 4.349 Thread 0x000001517b347510 1112       3       java.io.WinNTFileSystem::normalizePrefix (132 bytes)
Event: 4.351 Thread 0x000001517b347510 nmethod 1112 0x00000151001d4d90 code [0x00000151001d51c0, 0x00000151001d7168]
Event: 4.351 Thread 0x000001517b347510 1113       3       java.net.URI::quote (214 bytes)
Event: 4.352 Thread 0x000001517b2e5350 nmethod 1068 0x0000015107b41910 code [0x0000015107b41b80, 0x0000015107b43be0]
Event: 4.352 Thread 0x000001517b2e5350 1110       4       java.net.URI::match (56 bytes)
Event: 4.353 Thread 0x000001517b2e5350 nmethod 1110 0x0000015107b44d90 code [0x0000015107b44f00, 0x0000015107b44fd8]

GC Heap History (2 events):
Event: 2.360 GC heap before
{Heap before GC invocations=1 (full 0):
 PSYoungGen      total 29696K, used 25600K [0x00000000eab00000, 0x00000000ecc00000, 0x0000000100000000)
  eden space 25600K, 100% used [0x00000000eab00000,0x00000000ec400000,0x00000000ec400000)
  from space 4096K, 0% used [0x00000000ec800000,0x00000000ec800000,0x00000000ecc00000)
  to   space 4096K, 0% used [0x00000000ec400000,0x00000000ec400000,0x00000000ec800000)
 ParOldGen       total 68608K, used 0K [0x00000000c0000000, 0x00000000c4300000, 0x00000000eab00000)
  object space 68608K, 0% used [0x00000000c0000000,0x00000000c0000000,0x00000000c4300000)
 Metaspace       used 10947K, committed 11072K, reserved 1114112K
  class space    used 1086K, committed 1152K, reserved 1048576K
}
Event: 2.367 GC heap after
{Heap after GC invocations=1 (full 0):
 PSYoungGen      total 29696K, used 3172K [0x00000000eab00000, 0x00000000ecc00000, 0x0000000100000000)
  eden space 25600K, 0% used [0x00000000eab00000,0x00000000eab00000,0x00000000ec400000)
  from space 4096K, 77% used [0x00000000ec400000,0x00000000ec719340,0x00000000ec800000)
  to   space 4096K, 0% used [0x00000000ec800000,0x00000000ec800000,0x00000000ecc00000)
 ParOldGen       total 68608K, used 16K [0x00000000c0000000, 0x00000000c4300000, 0x00000000eab00000)
  object space 68608K, 0% used [0x00000000c0000000,0x00000000c0004000,0x00000000c4300000)
 Metaspace       used 10947K, committed 11072K, reserved 1114112K
  class space    used 1086K, committed 1152K, reserved 1048576K
}

Dll operation events (8 events):
Event: 0.052 Loaded shared library c:\Users\Admin\.vscode\extensions\redhat.java-1.37.0-win32-x64\jre\17.0.13-win32-x86_64\bin\java.dll
Event: 0.286 Loaded shared library c:\Users\Admin\.vscode\extensions\redhat.java-1.37.0-win32-x64\jre\17.0.13-win32-x86_64\bin\zip.dll
Event: 0.290 Loaded shared library C:\Users\Admin\.vscode\extensions\redhat.java-1.37.0-win32-x64\jre\17.0.13-win32-x86_64\bin\instrument.dll
Event: 0.308 Loaded shared library C:\Users\Admin\.vscode\extensions\redhat.java-1.37.0-win32-x64\jre\17.0.13-win32-x86_64\bin\net.dll
Event: 0.312 Loaded shared library C:\Users\Admin\.vscode\extensions\redhat.java-1.37.0-win32-x64\jre\17.0.13-win32-x86_64\bin\nio.dll
Event: 0.322 Loaded shared library C:\Users\Admin\.vscode\extensions\redhat.java-1.37.0-win32-x64\jre\17.0.13-win32-x86_64\bin\zip.dll
Event: 0.349 Loaded shared library C:\Users\Admin\.vscode\extensions\redhat.java-1.37.0-win32-x64\jre\17.0.13-win32-x86_64\bin\jimage.dll
Event: 0.451 Loaded shared library c:\Users\Admin\.vscode\extensions\redhat.java-1.37.0-win32-x64\jre\17.0.13-win32-x86_64\bin\verify.dll

Deoptimization events (20 events):
Event: 2.273 Thread 0x0000015170b3c6f0 Uncommon trap: trap_request=0xffffffde fr.pc=0x0000015107b0be14 relative=0x0000000000000534
Event: 2.273 Thread 0x0000015170b3c6f0 Uncommon trap: reason=class_check action=maybe_recompile pc=0x0000015107b0be14 method=java.util.Collections$UnmodifiableCollection$1.<init>(Ljava/util/Collections$UnmodifiableCollection;)V @ 17 c2
Event: 2.273 Thread 0x0000015170b3c6f0 DEOPT PACKING pc=0x0000015107b0be14 sp=0x00000040053fe6d0
Event: 2.273 Thread 0x0000015170b3c6f0 DEOPT UNPACKING pc=0x00000151075866a3 sp=0x00000040053fe618 mode 2
Event: 2.273 Thread 0x0000015170b3c6f0 Uncommon trap: trap_request=0xffffff45 fr.pc=0x0000015107b1ad14 relative=0x0000000000000094
Event: 2.273 Thread 0x0000015170b3c6f0 Uncommon trap: reason=unstable_if action=reinterpret pc=0x0000015107b1ad14 method=java.util.HashMap.hash(Ljava/lang/Object;)I @ 1 c2
Event: 2.273 Thread 0x0000015170b3c6f0 DEOPT PACKING pc=0x0000015107b1ad14 sp=0x00000040053fe580
Event: 2.273 Thread 0x0000015170b3c6f0 DEOPT UNPACKING pc=0x00000151075866a3 sp=0x00000040053fe518 mode 2
Event: 3.303 Thread 0x0000015170b3c6f0 Uncommon trap: trap_request=0xffffff45 fr.pc=0x0000015107b0f5b0 relative=0x0000000000000e90
Event: 3.303 Thread 0x0000015170b3c6f0 Uncommon trap: reason=unstable_if action=reinterpret pc=0x0000015107b0f5b0 method=lombok.patcher.PatchScript.classMatches(Ljava/lang/String;Ljava/util/Collection;)Z @ 25 c2
Event: 3.303 Thread 0x0000015170b3c6f0 DEOPT PACKING pc=0x0000015107b0f5b0 sp=0x00000040053f88b0
Event: 3.303 Thread 0x0000015170b3c6f0 DEOPT UNPACKING pc=0x00000151075866a3 sp=0x00000040053f8818 mode 2
Event: 3.307 Thread 0x0000015170b3c6f0 DEOPT PACKING pc=0x000001510006d921 sp=0x00000040053f7d70
Event: 3.307 Thread 0x0000015170b3c6f0 DEOPT UNPACKING pc=0x0000015107586e43 sp=0x00000040053f7220 mode 0
Event: 3.318 Thread 0x0000015170b3c6f0 DEOPT PACKING pc=0x000001510006d921 sp=0x00000040053f4180
Event: 3.318 Thread 0x0000015170b3c6f0 DEOPT UNPACKING pc=0x0000015107586e43 sp=0x00000040053f3630 mode 0
Event: 3.323 Thread 0x0000015170b3c6f0 DEOPT PACKING pc=0x000001510006d921 sp=0x00000040053f4180
Event: 3.323 Thread 0x0000015170b3c6f0 DEOPT UNPACKING pc=0x0000015107586e43 sp=0x00000040053f3630 mode 0
Event: 4.350 Thread 0x0000015170b3c6f0 DEOPT PACKING pc=0x000001510006d921 sp=0x00000040053f4180
Event: 4.350 Thread 0x0000015170b3c6f0 DEOPT UNPACKING pc=0x0000015107586e43 sp=0x00000040053f3630 mode 0

Classes loaded (20 events):
Event: 3.247 Loading class java/util/concurrent/SynchronousQueue$TransferStack
Event: 3.247 Loading class java/util/concurrent/SynchronousQueue$Transferer
Event: 3.247 Loading class java/util/concurrent/SynchronousQueue$Transferer done
Event: 3.247 Loading class java/util/concurrent/SynchronousQueue$TransferStack done
Event: 3.247 Loading class java/util/concurrent/SynchronousQueue$TransferStack$SNode
Event: 3.247 Loading class java/util/concurrent/ForkJoinPool$ManagedBlocker
Event: 3.247 Loading class java/util/concurrent/ForkJoinPool$ManagedBlocker done
Event: 3.247 Loading class java/util/concurrent/SynchronousQueue$TransferStack$SNode done
Event: 3.248 Loading class java/util/concurrent/RejectedExecutionHandler
Event: 3.248 Loading class java/util/concurrent/RejectedExecutionHandler done
Event: 3.248 Loading class java/util/concurrent/LinkedBlockingQueue
Event: 3.248 Loading class java/util/concurrent/LinkedBlockingQueue done
Event: 3.249 Loading class java/util/concurrent/LinkedBlockingQueue$Node
Event: 3.249 Loading class java/util/concurrent/LinkedBlockingQueue$Node done
Event: 3.265 Loading class java/util/concurrent/Semaphore$NonfairSync
Event: 3.265 Loading class java/util/concurrent/Semaphore$Sync
Event: 3.265 Loading class java/util/concurrent/Semaphore$Sync done
Event: 3.265 Loading class java/util/concurrent/Semaphore$NonfairSync done
Event: 3.328 Loading class java/lang/TypeNotPresentException
Event: 3.328 Loading class java/lang/TypeNotPresentException done

Classes unloaded (0 events):
No events

Classes redefined (0 events):
No events

Internal exceptions (20 events):
Event: 1.904 Thread 0x0000015170b3c6f0 Exception <a 'java/io/FileNotFoundException'{0x00000000eb899a70}> (0x00000000eb899a70) 
thrown [s\src\hotspot\share\prims\jni.cpp, line 516]
Event: 1.904 Thread 0x0000015170b3c6f0 Exception <a 'java/io/FileNotFoundException'{0x00000000eb89a770}> (0x00000000eb89a770) 
thrown [s\src\hotspot\share\prims\jni.cpp, line 516]
Event: 1.905 Thread 0x0000015170b3c6f0 Exception <a 'java/io/FileNotFoundException'{0x00000000eb89b440}> (0x00000000eb89b440) 
thrown [s\src\hotspot\share\prims\jni.cpp, line 516]
Event: 1.909 Thread 0x0000015170b3c6f0 Implicit null exception at 0x0000015107af6c72 to 0x0000015107af7190
Event: 1.913 Thread 0x0000015170b3c6f0 Exception <a 'java/io/FileNotFoundException'{0x00000000eb8d4490}> (0x00000000eb8d4490) 
thrown [s\src\hotspot\share\prims\jni.cpp, line 516]
Event: 2.191 Thread 0x0000015170b3c6f0 Exception <a 'java/lang/ClassNotFoundException'{0x00000000ec10db90}: sun/net/www/protocol/c/Handler> (0x00000000ec10db90) 
thrown [s\src\hotspot\share\classfile\systemDictionary.cpp, line 256]
Event: 2.192 Thread 0x0000015170b3c6f0 Exception <a 'java/lang/ClassNotFoundException'{0x00000000ec10eed8}: sun/net/www/protocol/d/Handler> (0x00000000ec10eed8) 
thrown [s\src\hotspot\share\classfile\systemDictionary.cpp, line 256]
Event: 2.193 Thread 0x0000015170b3c6f0 Exception <a 'java/lang/ClassNotFoundException'{0x00000000ec110050}: sun/net/www/protocol/c/Handler> (0x00000000ec110050) 
thrown [s\src\hotspot\share\classfile\systemDictionary.cpp, line 256]
Event: 2.205 Thread 0x0000015170b3c6f0 Exception <a 'java/io/FileNotFoundException'{0x00000000ec137ab0}> (0x00000000ec137ab0) 
thrown [s\src\hotspot\share\prims\jni.cpp, line 516]
Event: 2.273 Thread 0x0000015170b3c6f0 Implicit null exception at 0x0000015107b2dffb to 0x0000015107b2e980
Event: 2.273 Thread 0x0000015170b3c6f0 Implicit null exception at 0x0000015107b21d8c to 0x0000015107b21fa4
Event: 2.273 Thread 0x0000015170b3c6f0 Implicit null exception at 0x0000015107b2890c to 0x0000015107b28b24
Event: 2.273 Thread 0x0000015170b3c6f0 Implicit null exception at 0x0000015107b1ac8f to 0x0000015107b1ad05
Event: 2.374 Thread 0x0000015170b3c6f0 Exception <a 'java/lang/NoSuchMethodError'{0x00000000eab11c90}: 'int java.lang.invoke.DirectMethodHandle$Holder.invokeStaticInit(java.lang.Object, java.lang.Object, java.lang.Object, java.lang.Object)'> (0x00000000eab11c90) 
thrown [s\src\hotspot\share\interpreter\linkResolver.cpp, line 759]
Event: 2.378 Thread 0x0000015170b3c6f0 Exception <a 'java/lang/NoSuchMethodError'{0x00000000eab1c3f8}: 'java.lang.Object java.lang.invoke.DirectMethodHandle$Holder.invokeInterface(java.lang.Object, java.lang.Object)'> (0x00000000eab1c3f8) 
thrown [s\src\hotspot\share\interpreter\linkResolver.cpp, line 759]
Event: 2.379 Thread 0x0000015170b3c6f0 Exception <a 'java/lang/IncompatibleClassChangeError'{0x00000000eab1fbf0}: Found class java.lang.Object, but interface was expected> (0x00000000eab1fbf0) 
thrown [s\src\hotspot\share\interpreter\linkResolver.cpp, line 826]
Event: 2.380 Thread 0x0000015170b3c6f0 Exception <a 'java/lang/NoSuchMethodError'{0x00000000eab240d0}: 'void java.lang.invoke.DirectMethodHandle$Holder.invokeStatic(java.lang.Object, java.lang.Object)'> (0x00000000eab240d0) 
thrown [s\src\hotspot\share\interpreter\linkResolver.cpp, line 759]
Event: 2.381 Thread 0x0000015170b3c6f0 Exception <a 'java/lang/NoSuchMethodError'{0x00000000eab278d0}: 'void java.lang.invoke.DirectMethodHandle$Holder.invokeStaticInit(java.lang.Object, java.lang.Object)'> (0x00000000eab278d0) 
thrown [s\src\hotspot\share\interpreter\linkResolver.cpp, line 759]
Event: 2.384 Thread 0x0000015170b3c6f0 Exception <a 'java/lang/NoSuchMethodError'{0x00000000eab30670}: 'int java.lang.invoke.DirectMethodHandle$Holder.invokeStaticInit(java.lang.Object, java.lang.Object)'> (0x00000000eab30670) 
thrown [s\src\hotspot\share\interpreter\linkResolver.cpp, line 759]
Event: 3.205 Thread 0x0000015170b3c6f0 Exception <a 'java/lang/NoSuchMethodError'{0x00000000eacbc9d0}: 'void java.lang.invoke.DirectMethodHandle$Holder.invokeSpecial(java.lang.Object, java.lang.Object, java.lang.Object)'> (0x00000000eacbc9d0) 
thrown [s\src\hotspot\share\interpreter\linkResolver.cpp, line 759]

VM Operations (16 events):
Event: 0.246 Executing VM operation: HandshakeAllThreads
Event: 0.246 Executing VM operation: HandshakeAllThreads done
Event: 0.371 Executing VM operation: HandshakeAllThreads
Event: 0.371 Executing VM operation: HandshakeAllThreads done
Event: 1.386 Executing VM operation: Cleanup
Event: 1.386 Executing VM operation: Cleanup done
Event: 1.817 Executing VM operation: HandshakeAllThreads
Event: 1.817 Executing VM operation: HandshakeAllThreads done
Event: 1.854 Executing VM operation: HandshakeAllThreads
Event: 1.854 Executing VM operation: HandshakeAllThreads done
Event: 2.161 Executing VM operation: HandshakeAllThreads
Event: 2.161 Executing VM operation: HandshakeAllThreads done
Event: 2.359 Executing VM operation: ParallelGCFailedAllocation
Event: 2.367 Executing VM operation: ParallelGCFailedAllocation done
Event: 3.374 Executing VM operation: Cleanup
Event: 3.374 Executing VM operation: Cleanup done

Memory protections (0 events):
No events

Nmethod flushes (0 events):
No events

Events (18 events):
Event: 0.080 Thread 0x0000015170b3c6f0 Thread added: 0x0000015170b3c6f0
Event: 0.097 Thread 0x0000015170b3c6f0 Thread added: 0x00000151761d3040
Event: 0.098 Thread 0x0000015170b3c6f0 Thread added: 0x00000151761d4de0
Event: 0.119 Thread 0x0000015170b3c6f0 Thread added: 0x000001517b2b6590
Event: 0.119 Thread 0x0000015170b3c6f0 Thread added: 0x000001517b2b6f60
Event: 0.119 Thread 0x0000015170b3c6f0 Thread added: 0x000001517b2b7a30
Event: 0.119 Thread 0x0000015170b3c6f0 Thread added: 0x000001517b2b8400
Event: 0.119 Thread 0x0000015170b3c6f0 Thread added: 0x000001517b2e5350
Event: 0.131 Thread 0x0000015170b3c6f0 Thread added: 0x000001517b347510
Event: 0.135 Thread 0x0000015170b3c6f0 Thread added: 0x000001517b359490
Event: 0.221 Thread 0x0000015170b3c6f0 Thread added: 0x0000015170b9db90
Event: 0.256 Thread 0x000001517b347510 Thread added: 0x000001517b4cfa30
Event: 0.618 Thread 0x0000015170b3c6f0 Thread added: 0x000001517b613c10
Event: 1.737 Thread 0x000001517b347510 Thread added: 0x000001517b600010
Event: 2.246 Thread 0x000001517b600010 Thread exited: 0x000001517b600010
Event: 2.281 Thread 0x000001517b4cfa30 Thread exited: 0x000001517b4cfa30
Event: 3.280 Thread 0x000001517b347510 Thread added: 0x000001517d0b2390
Event: 3.285 Thread 0x000001517b347510 Thread added: 0x000001517d473840


Dynamic libraries:
0x00007ff6831c0000 - 0x00007ff6831ce000 	c:\Users\Admin\.vscode\extensions\redhat.java-1.37.0-win32-x64\jre\17.0.13-win32-x86_64\bin\java.exe
0x00007ffd77200000 - 0x00007ffd77463000 	C:\WINDOWS\SYSTEM32\ntdll.dll
0x00007ffd75cc0000 - 0x00007ffd75d88000 	C:\WINDOWS\System32\KERNEL32.DLL
0x00007ffd74940000 - 0x00007ffd74cf2000 	C:\WINDOWS\System32\KERNELBASE.dll
0x00007ffd747f0000 - 0x00007ffd7493b000 	C:\WINDOWS\System32\ucrtbase.dll
0x00007ffd603a0000 - 0x00007ffd603b7000 	c:\Users\Admin\.vscode\extensions\redhat.java-1.37.0-win32-x64\jre\17.0.13-win32-x86_64\bin\jli.dll
0x00007ffd75af0000 - 0x00007ffd75cb8000 	C:\WINDOWS\System32\USER32.dll
0x00007ffd74f80000 - 0x00007ffd74fa7000 	C:\WINDOWS\System32\win32u.dll
0x00007ffd76ed0000 - 0x00007ffd76efa000 	C:\WINDOWS\System32\GDI32.dll
0x00007ffd74d00000 - 0x00007ffd74e2b000 	C:\WINDOWS\System32\gdi32full.dll
0x00007ffd74fb0000 - 0x00007ffd75053000 	C:\WINDOWS\System32\msvcp_win.dll
0x00007ffd60380000 - 0x00007ffd6039e000 	c:\Users\Admin\.vscode\extensions\redhat.java-1.37.0-win32-x64\jre\17.0.13-win32-x86_64\bin\VCRUNTIME140.dll
0x00007ffd60aa0000 - 0x00007ffd60d30000 	C:\WINDOWS\WinSxS\amd64_microsoft.windows.common-controls_6595b64144ccf1df_6.0.26100.2454_none_3e0b68a2e331ad60\COMCTL32.dll
0x00007ffd77110000 - 0x00007ffd771b9000 	C:\WINDOWS\System32\msvcrt.dll
0x00007ffd75720000 - 0x00007ffd7574f000 	C:\WINDOWS\System32\IMM32.DLL
0x00007ffd6f550000 - 0x00007ffd6f55c000 	c:\Users\Admin\.vscode\extensions\redhat.java-1.37.0-win32-x64\jre\17.0.13-win32-x86_64\bin\vcruntime140_1.dll
0x00007ffd165d0000 - 0x00007ffd1665d000 	c:\Users\Admin\.vscode\extensions\redhat.java-1.37.0-win32-x64\jre\17.0.13-win32-x86_64\bin\msvcp140.dll
0x00007ffcf67d0000 - 0x00007ffcf743b000 	c:\Users\Admin\.vscode\extensions\redhat.java-1.37.0-win32-x64\jre\17.0.13-win32-x86_64\bin\server\jvm.dll
0x00007ffd77050000 - 0x00007ffd77104000 	C:\WINDOWS\System32\ADVAPI32.dll
0x00007ffd75060000 - 0x00007ffd75106000 	C:\WINDOWS\System32\sechost.dll
0x00007ffd76b90000 - 0x00007ffd76ca6000 	C:\WINDOWS\System32\RPCRT4.dll
0x00007ffd75a20000 - 0x00007ffd75a94000 	C:\WINDOWS\System32\WS2_32.dll
0x00007ffd74460000 - 0x00007ffd744ae000 	C:\WINDOWS\SYSTEM32\POWRPROF.dll
0x00007ffd6e540000 - 0x00007ffd6e576000 	C:\WINDOWS\SYSTEM32\WINMM.dll
0x00007ffd6e580000 - 0x00007ffd6e58b000 	C:\WINDOWS\SYSTEM32\VERSION.dll
0x00007ffd74440000 - 0x00007ffd74454000 	C:\WINDOWS\SYSTEM32\UMPDC.dll
0x00007ffd73370000 - 0x00007ffd7338a000 	C:\WINDOWS\SYSTEM32\kernel.appcore.dll
0x00007ffd6bec0000 - 0x00007ffd6beca000 	c:\Users\Admin\.vscode\extensions\redhat.java-1.37.0-win32-x64\jre\17.0.13-win32-x86_64\bin\jimage.dll
0x00007ffd610d0000 - 0x00007ffd61311000 	C:\WINDOWS\SYSTEM32\DBGHELP.DLL
0x00007ffd75270000 - 0x00007ffd755ee000 	C:\WINDOWS\System32\combase.dll
0x00007ffd75110000 - 0x00007ffd751e6000 	C:\WINDOWS\System32\OLEAUT32.dll
0x00007ffd59e30000 - 0x00007ffd59e69000 	C:\WINDOWS\SYSTEM32\dbgcore.DLL
0x00007ffd745d0000 - 0x00007ffd74669000 	C:\WINDOWS\System32\bcryptPrimitives.dll
0x00007ffd62a70000 - 0x00007ffd62a7e000 	c:\Users\Admin\.vscode\extensions\redhat.java-1.37.0-win32-x64\jre\17.0.13-win32-x86_64\bin\instrument.dll
0x00007ffd43ea0000 - 0x00007ffd43ec5000 	c:\Users\Admin\.vscode\extensions\redhat.java-1.37.0-win32-x64\jre\17.0.13-win32-x86_64\bin\java.dll
0x00007ffd5f0e0000 - 0x00007ffd5f0f8000 	c:\Users\Admin\.vscode\extensions\redhat.java-1.37.0-win32-x64\jre\17.0.13-win32-x86_64\bin\zip.dll
0x00007ffd76480000 - 0x00007ffd76b80000 	C:\WINDOWS\System32\SHELL32.dll
0x00007ffd722a0000 - 0x00007ffd72ad1000 	C:\WINDOWS\SYSTEM32\windows.storage.dll
0x00007ffd75db0000 - 0x00007ffd75e8a000 	C:\WINDOWS\System32\SHCORE.dll
0x00007ffd76f00000 - 0x00007ffd76f5d000 	C:\WINDOWS\System32\shlwapi.dll
0x00007ffd744e0000 - 0x00007ffd7450e000 	C:\WINDOWS\SYSTEM32\profapi.dll
0x00007ffd5e820000 - 0x00007ffd5e839000 	C:\Users\Admin\.vscode\extensions\redhat.java-1.37.0-win32-x64\jre\17.0.13-win32-x86_64\bin\net.dll
0x00007ffd6b060000 - 0x00007ffd6b186000 	C:\WINDOWS\SYSTEM32\WINHTTP.dll
0x00007ffd73910000 - 0x00007ffd73978000 	C:\WINDOWS\system32\mswsock.dll
0x00007ffd5e6c0000 - 0x00007ffd5e6d6000 	C:\Users\Admin\.vscode\extensions\redhat.java-1.37.0-win32-x64\jre\17.0.13-win32-x86_64\bin\nio.dll
0x00007ffd60370000 - 0x00007ffd60380000 	c:\Users\Admin\.vscode\extensions\redhat.java-1.37.0-win32-x64\jre\17.0.13-win32-x86_64\bin\verify.dll

dbghelp: loaded successfully - version: 4.0.5 - missing functions: none
symbol engine: initialized successfully - sym options: 0x614 - pdb path: .;c:\Users\Admin\.vscode\extensions\redhat.java-1.37.0-win32-x64\jre\17.0.13-win32-x86_64\bin;C:\WINDOWS\SYSTEM32;C:\WINDOWS\WinSxS\amd64_microsoft.windows.common-controls_6595b64144ccf1df_6.0.26100.2454_none_3e0b68a2e331ad60;c:\Users\Admin\.vscode\extensions\redhat.java-1.37.0-win32-x64\jre\17.0.13-win32-x86_64\bin\server

VM Arguments:
jvm_args: --add-modules=ALL-SYSTEM --add-opens=java.base/java.util=ALL-UNNAMED --add-opens=java.base/java.lang=ALL-UNNAMED --add-opens=java.base/sun.nio.fs=ALL-UNNAMED -Declipse.application=org.eclipse.jdt.ls.core.id1 -Dosgi.bundles.defaultStartLevel=4 -Declipse.product=org.eclipse.jdt.ls.core.product -Djava.import.generatesMetadataFilesAtProjectRoot=false -DDetectVMInstallationsJob.disabled=true -Dfile.encoding=utf8 -XX:+UseParallelGC -XX:GCTimeRatio=4 -XX:AdaptiveSizePolicyWeight=90 -Dsun.zip.disableMemoryMapping=true -Xmx1G -Xms100m -Xlog:disable -javaagent:c:\Users\Admin\.vscode\extensions\redhat.java-1.37.0-win32-x64\lombok\lombok-1.18.34.jar -XX:+HeapDumpOnOutOfMemoryError -XX:HeapDumpPath=c:\Users\Admin\AppData\Roaming\Code\User\workspaceStorage\cc69028996799193041f2315f311b7b0\redhat.java -Daether.dependencyCollector.impl=bf 
java_command: c:\Users\Admin\.vscode\extensions\redhat.java-1.37.0-win32-x64\server\plugins\org.eclipse.equinox.launcher_1.6.900.v20240613-2009.jar -configuration c:\Users\Admin\AppData\Roaming\Code\User\globalStorage\redhat.java\1.37.0\config_win -data c:\Users\Admin\AppData\Roaming\Code\User\workspaceStorage\cc69028996799193041f2315f311b7b0\redhat.java\jdt_ws --pipe=\\.\pipe\lsp-b1338f34ee2d158644500bfc09d06ade-sock
java_class_path (initial): c:\Users\Admin\.vscode\extensions\redhat.java-1.37.0-win32-x64\server\plugins\org.eclipse.equinox.launcher_1.6.900.v20240613-2009.jar
Launcher Type: SUN_STANDARD

[Global flags]
    uintx AdaptiveSizePolicyWeight                 = 90                                        {product} {command line}
     intx CICompilerCount                          = 4                                         {product} {ergonomic}
    uintx GCTimeRatio                              = 4                                         {product} {command line}
     bool HeapDumpOnOutOfMemoryError               = true                                   {manageable} {command line}
    ccstr HeapDumpPath                             = c:\Users\Admin\AppData\Roaming\Code\User\workspaceStorage\cc69028996799193041f2315f311b7b0\redhat.java         {manageable} {command line}
   size_t InitialHeapSize                          = 104857600                                 {product} {command line}
   size_t MaxHeapSize                              = 1073741824                                {product} {command line}
   size_t MaxNewSize                               = 357564416                                 {product} {ergonomic}
   size_t MinHeapDeltaBytes                        = 524288                                    {product} {ergonomic}
   size_t MinHeapSize                              = 104857600                                 {product} {command line}
   size_t NewSize                                  = 34603008                                  {product} {ergonomic}
    uintx NonNMethodCodeHeapSize                   = 5839372                                {pd product} {ergonomic}
    uintx NonProfiledCodeHeapSize                  = 122909434                              {pd product} {ergonomic}
   size_t OldSize                                  = 70254592                                  {product} {ergonomic}
    uintx ProfiledCodeHeapSize                     = 122909434                              {pd product} {ergonomic}
    uintx ReservedCodeCacheSize                    = 251658240                              {pd product} {ergonomic}
     bool SegmentedCodeCache                       = true                                      {product} {ergonomic}
   size_t SoftMaxHeapSize                          = 1073741824                             {manageable} {ergonomic}
     bool UseCompressedClassPointers               = true                           {product lp64_product} {ergonomic}
     bool UseCompressedOops                        = true                           {product lp64_product} {ergonomic}
     bool UseLargePagesIndividualAllocation        = false                                  {pd product} {ergonomic}
     bool UseParallelGC                            = true                                      {product} {command line}

Logging:
Log output configuration:
 #0: stdout all=off uptime,level,tags
 #1: stderr all=off uptime,level,tags

Environment Variables:
PATH=C:\Python312\Scripts\;C:\Python312\;C:\Program Files\Common Files\Oracle\Java\javapath;C:\Program Files (x86)\Common Files\Oracle\Java\java8path;C:\Program Files (x86)\Common Files\Oracle\Java\javapath;D:\VMware\bin\;C:\MinGW\bin;C:\Program Files\NVIDIA Corporation\NVIDIA NvDLISR;C:\Program Files\Microsoft SQL Server\150\Tools\Binn\;C:\Program Files\Microsoft SQL Server\Client SDK\ODBC\170\Tools\Binn\;C:\Program Files\dotnet\;C:\Program Files (x86)\Microsoft SQL Server\150\Tools\Binn\;C:\Program Files\Microsoft SQL Server\150\DTS\Binn\;C:\Program Files (x86)\Microsoft SQL Server\160\DTS\Binn\;C:\Program Files\Azure Data Studio\bin;C:\WINDOWS\system32;C:\WINDOWS;C:\WINDOWS\System32\Wbem;C:\WINDOWS\System32\WindowsPowerShell\v1.0\;C:\WINDOWS\System32\OpenSSH\;C:\Program Files\Java\jdk-19\bin;C:\Program Files\nodejs\;C:\ProgramData\chocolatey\bin;C:\xampp\php;C:\ProgramData\ComposerSetup\bin;C:\Program Files (x86)\Microsoft SQL Server\160\Tools\Binn\;C:\Program Files\Microsoft SQL Server\160\Tools\Binn\;C:\Program Files\Microsoft SQL Server\160\DTS\Binn\;D:\grade\gradle-7.6-all\gradle-7.6\bin;C:\Users\Admin\AppData\Local\Pub\Cache\bin;D:\flutter_windows_3.19.5-stable\flutter\bin;C:\Program Files\PostgreSQL\16\bin;C:\Users\Admin\.console-ninja\.bin;C:\Users\Admin\AppData\Local\Programs\Microsoft VS Code\bin;C:\Users\Admin\AppData\Roaming\npm;C:\xampp\php;C:\Users\Admin\AppData\Local\afreeca;C:\Program Files\Git\bin;C:\Users\Admin\AppData\Roaming\Composer\vendor\bin;D:\flutter_windows_3.19.5-stable\flutter\bin;C:\Program Files\PostgreSQL\16\bin;C:\Users\Admin\.dotnet\tools;C:\Users\Admin\AppData\Local\Android\Sdk\platform-tools;C:\Users\Admin\AppData\Local\Microsoft\WindowsApps;
USERNAME=Admin
OS=Windows_NT
PROCESSOR_IDENTIFIER=AMD64 Family 23 Model 104 Stepping 1, AuthenticAMD
TMP=C:\Users\Admin\AppData\Local\Temp
TEMP=C:\Users\Admin\AppData\Local\Temp



Periodic native trim disabled


---------------  S Y S T E M  ---------------

OS:
 Windows 11 , 64 bit Build 26100 (10.0.26100.2454)
OS uptime: 1 days 5:37 hours
Hyper-V role detected

CPU: total 12 (initial active 12) (12 cores per cpu, 2 threads per core) family 23 model 104 stepping 1 microcode 0x8608103, cx8, cmov, fxsr, ht, mmx, 3dnowpref, sse, sse2, sse3, ssse3, sse4a, sse4.1, sse4.2, popcnt, lzcnt, tsc, tscinvbit, avx, avx2, aes, clmul, bmi1, bmi2, adx, sha, fma, vzeroupper, clflush, clflushopt, hv
Processor Information for processor 0
  Max Mhz: 2100, Current Mhz: 2100, Mhz Limit: 2100
Processor Information for processor 1
  Max Mhz: 2100, Current Mhz: 2100, Mhz Limit: 2100
Processor Information for processor 2
  Max Mhz: 2100, Current Mhz: 2100, Mhz Limit: 2100
Processor Information for processor 3
  Max Mhz: 2100, Current Mhz: 2100, Mhz Limit: 2100
Processor Information for processor 4
  Max Mhz: 2100, Current Mhz: 2100, Mhz Limit: 2100
Processor Information for processor 5
  Max Mhz: 2100, Current Mhz: 2100, Mhz Limit: 2100
Processor Information for processor 6
  Max Mhz: 2100, Current Mhz: 1988, Mhz Limit: 2100
Processor Information for processor 7
  Max Mhz: 2100, Current Mhz: 2100, Mhz Limit: 2100
Processor Information for processor 8
  Max Mhz: 2100, Current Mhz: 2100, Mhz Limit: 2100
Processor Information for processor 9
  Max Mhz: 2100, Current Mhz: 2100, Mhz Limit: 2100
Processor Information for processor 10
  Max Mhz: 2100, Current Mhz: 2100, Mhz Limit: 2100
Processor Information for processor 11
  Max Mhz: 2100, Current Mhz: 1988, Mhz Limit: 2100

Memory: 4k page, system-wide physical 15706M (817M free)
TotalPageFile size 44456M (AvailPageFile size 6M)
current process WorkingSet (physical memory assigned to process): 85M, peak: 85M
current process commit charge ("private bytes"): 210M, peak: 211M

vm_info: OpenJDK 64-Bit Server VM (17.0.13+11) for windows-amd64 JRE (17.0.13+11), built on Oct 16 2024 00:10:08 by "admin" with MS VC++ 17.7 (VS2022)

END.
