#
# There is insufficient memory for the Java Runtime Environment to continue.
# Native memory allocation (malloc) failed to allocate 1032576 bytes for Chunk::new
# Possible reasons:
#   The system is out of physical RAM or swap space
#   The process is running with CompressedOops enabled, and the Java Heap may be blocking the growth of the native heap
# Possible solutions:
#   Reduce memory load on the system
#   Increase physical memory or swap space
#   Check if swap backing store is full
#   Decrease Java heap size (-Xmx/-Xms)
#   Decrease number of Java threads
#
#  # JRE version: Java(TM) SE Runtime Environment (17.0.10+11) (build 17.0.10+11-LTS-240)
# Java VM: Java HotSpot(TM) 64-Bit Server VM (17.0.10+11-LTS-240, mixed mode, sharing, tiered, compressed oops, compressed class ptrs, g1 gc, windows-amd64)
# No core dump will be written. Minidumps are not enabled by default on client versions of Windows
#

---------------  S U M M A R Y ------------

Command Line: -XX:MaxMetaspaceSize=512m --add-opens=java.base/java.util=ALL-UNNAMED --add-opens=java.base/java.lang=ALL-UNNAMED --add-opens=java.base/java.lang.invoke=ALL-UNNAMED --add-opens=java.prefs/java.util.prefs=ALL-UNNAMED --add-opens=java.base/java.nio.charset=ALL-UNNAMED --add-opens=java.base/java.net=ALL-UNNAMED --add-opens=java.base/java.util.concurrent.atomic=ALL-UNNAMED -Xmx2048m -Dfile.encoding=windows-1252 -Duser.country=US -Duser.language=en -Duser.variant -javaagent:C:\Users\jbkha\.gradle\wrapper\dists\gradle-8.3-all\6en3ugtfdg5xnpx44z4qbwgas\gradle-8.3\lib\agents\gradle-instrumentation-agent-8.3.jar org.gradle.launcher.daemon.bootstrap.GradleDaemon 8.3

Host: Intel(R) Core(TM) i3-8145U CPU @ 2.10GHz, 4 cores, 15G,  Windows 11 , 64 bit Build 22621 (10.0.22621.3235)
Time: Mon Apr  8 10:07:08 2024 SE Asia Standard Time elapsed time: 116.826257 seconds (0d 0h 1m 56s)

---------------  T H R E A D  ---------------

Current thread (0x000001e1cd5e79d0):  JavaThread "C2 CompilerThread0" daemon [_thread_in_native, id=21384, stack(0x00000013c6800000,0x00000013c6900000)]


Current CompileTask:
C2: 116826 13069       4       org.gradle.api.internal.DefaultNamedDomainObjectCollection::findByName (61 bytes)

Stack: [0x00000013c6800000,0x00000013c6900000]
Native frames: (J=compiled Java code, j=interpreted, Vv=VM code, C=native code)
V  [jvm.dll+0x677a5a]
V  [jvm.dll+0x7d8b2d]
V  [jvm.dll+0x7da48e]
V  [jvm.dll+0x7daaf3]
V  [jvm.dll+0x2455ff]
V  [jvm.dll+0xaaafb]
V  [jvm.dll+0xab09c]
V  [jvm.dll+0x2aafef]
V  [jvm.dll+0x57fd55]
V  [jvm.dll+0x220472]
V  [jvm.dll+0x22084f]
V  [jvm.dll+0x2197a6]
V  [jvm.dll+0x216c79]
V  [jvm.dll+0x1a3410]
V  [jvm.dll+0x226aeb]
V  [jvm.dll+0x224cab]
V  [jvm.dll+0x78e45c]
V  [jvm.dll+0x78888a]
V  [jvm.dll+0x676935]
C  [ucrtbase.dll+0x29363]
C  [KERNEL32.DLL+0x1257d]
C  [ntdll.dll+0x5aa58]


---------------  P R O C E S S  ---------------

Threads class SMR info:
_java_thread_list=0x000001e1f1f8cb40, length=72, elements={
0x000001e1adca9430, 0x000001e1cd5cd820, 0x000001e1cd5ce5b0, 0x000001e1cd5e2fa0,
0x000001e1cd5e3a70, 0x000001e1cd5e6450, 0x000001e1cd5e6d20, 0x000001e1cd5e79d0,
0x000001e1cd5eabb0, 0x000001e1cd768790, 0x000001e1cd7f96e0, 0x000001e1cd8b1c40,
0x000001e1ee7c5310, 0x000001e1edb5dc90, 0x000001e1ed92cac0, 0x000001e1efd995b0,
0x000001e1ee95c6a0, 0x000001e1ee8dc9a0, 0x000001e1ee8dd3c0, 0x000001e1ee8db560,
0x000001e1ee8dd8d0, 0x000001e1ee8ddde0, 0x000001e1ee8de2f0, 0x000001e1ee8db050,
0x000001e1ee8dbf80, 0x000001e1ee8dba70, 0x000001e1ee8dc490, 0x000001e1ee8dceb0,
0x000001e1efe3fc50, 0x000001e1efe3d8e0, 0x000001e1efe41090, 0x000001e1efe3cec0,
0x000001e1efe40160, 0x000001e1efe3c9b0, 0x000001e1efe3b060, 0x000001e1efe3ba80,
0x000001e1efe40b80, 0x000001e1efe415a0, 0x000001e1efe3b570, 0x000001e1efe41fc0,
0x000001e1efe3bf90, 0x000001e1efe3d3d0, 0x000001e1efe424d0, 0x000001e1efe429e0,
0x000001e1efe3c4a0, 0x000001e1efe3e300, 0x000001e1efe3f740, 0x000001e1f14f04a0,
0x000001e1f14f09b0, 0x000001e1f14f18e0, 0x000001e1f14f1df0, 0x000001e1f14eff90,
0x000001e1f14f2300, 0x000001e1f14f2810, 0x000001e1f14ef060, 0x000001e1f14ef570,
0x000001e1f14efa80, 0x000001e1f06893e0, 0x000001e1f0687fa0, 0x000001e1f0687a90,
0x000001e1f06884b0, 0x000001e1f0683dd0, 0x000001e1f0687070, 0x000001e1f06898f0,
0x000001e1f0687580, 0x000001e1f0689e00, 0x000001e1f0686650, 0x000001e1f06833b0,
0x000001e1f06838c0, 0x000001e1efbe7ee0, 0x000001e1efbe8900, 0x000001e1efbe6080
}

Java Threads: ( => current thread )
  0x000001e1adca9430 JavaThread "main" [_thread_blocked, id=11864, stack(0x00000013c5a00000,0x00000013c5b00000)]
  0x000001e1cd5cd820 JavaThread "Reference Handler" daemon [_thread_blocked, id=24240, stack(0x00000013c6200000,0x00000013c6300000)]
  0x000001e1cd5ce5b0 JavaThread "Finalizer" daemon [_thread_blocked, id=21328, stack(0x00000013c6300000,0x00000013c6400000)]
  0x000001e1cd5e2fa0 JavaThread "Signal Dispatcher" daemon [_thread_blocked, id=15236, stack(0x00000013c6400000,0x00000013c6500000)]
  0x000001e1cd5e3a70 JavaThread "Attach Listener" daemon [_thread_blocked, id=3552, stack(0x00000013c6500000,0x00000013c6600000)]
  0x000001e1cd5e6450 JavaThread "Service Thread" daemon [_thread_blocked, id=12864, stack(0x00000013c6600000,0x00000013c6700000)]
  0x000001e1cd5e6d20 JavaThread "Monitor Deflation Thread" daemon [_thread_blocked, id=11896, stack(0x00000013c6700000,0x00000013c6800000)]
=>0x000001e1cd5e79d0 JavaThread "C2 CompilerThread0" daemon [_thread_in_native, id=21384, stack(0x00000013c6800000,0x00000013c6900000)]
  0x000001e1cd5eabb0 JavaThread "C1 CompilerThread0" daemon [_thread_blocked, id=25040, stack(0x00000013c6900000,0x00000013c6a00000)]
  0x000001e1cd768790 JavaThread "Sweeper thread" daemon [_thread_blocked, id=26772, stack(0x00000013c6a00000,0x00000013c6b00000)]
  0x000001e1cd7f96e0 JavaThread "Common-Cleaner" daemon [_thread_blocked, id=12464, stack(0x00000013c6b00000,0x00000013c6c00000)]
  0x000001e1cd8b1c40 JavaThread "Notification Thread" daemon [_thread_blocked, id=19324, stack(0x00000013c6c00000,0x00000013c6d00000)]
  0x000001e1ee7c5310 JavaThread "Daemon health stats" [_thread_blocked, id=21084, stack(0x00000013c7100000,0x00000013c7200000)]
  0x000001e1edb5dc90 JavaThread "Incoming local TCP Connector on port 53514" [_thread_in_native, id=20968, stack(0x00000013c7200000,0x00000013c7300000)]
  0x000001e1ed92cac0 JavaThread "Daemon periodic checks" [_thread_blocked, id=18384, stack(0x00000013c7300000,0x00000013c7400000)]
  0x000001e1efd995b0 JavaThread "Daemon" [_thread_blocked, id=17604, stack(0x00000013c7400000,0x00000013c7500000)]
  0x000001e1ee95c6a0 JavaThread "Handler for socket connection from /127.0.0.1:53514 to /127.0.0.1:53515" [_thread_in_native, id=24176, stack(0x00000013c7500000,0x00000013c7600000)]
  0x000001e1ee8dc9a0 JavaThread "Cancel handler" [_thread_blocked, id=23296, stack(0x00000013c7600000,0x00000013c7700000)]
  0x000001e1ee8dd3c0 JavaThread "Daemon worker" [_thread_in_vm, id=26252, stack(0x00000013c7700000,0x00000013c7800000)]
  0x000001e1ee8db560 JavaThread "Asynchronous log dispatcher for DefaultDaemonConnection: socket connection from /127.0.0.1:53514 to /127.0.0.1:53515" [_thread_blocked, id=21864, stack(0x00000013c7800000,0x00000013c7900000)]
  0x000001e1ee8dd8d0 JavaThread "Stdin handler" [_thread_blocked, id=27000, stack(0x00000013c7900000,0x00000013c7a00000)]
  0x000001e1ee8ddde0 JavaThread "Daemon client event forwarder" [_thread_blocked, id=4424, stack(0x00000013c7a00000,0x00000013c7b00000)]
  0x000001e1ee8de2f0 JavaThread "Cache worker for journal cache (C:\Users\jbkha\.gradle\caches\journal-1)" [_thread_blocked, id=24776, stack(0x00000013c7b00000,0x00000013c7c00000)]
  0x000001e1ee8db050 JavaThread "File lock request listener" [_thread_in_native, id=15860, stack(0x00000013c7c00000,0x00000013c7d00000)]
  0x000001e1ee8dbf80 JavaThread "Cache worker for file hash cache (C:\Users\jbkha\.gradle\caches\8.3\fileHashes)" [_thread_blocked, id=19012, stack(0x00000013c7d00000,0x00000013c7e00000)]
  0x000001e1ee8dba70 JavaThread "File watcher server" daemon [_thread_in_native, id=23632, stack(0x00000013c7e00000,0x00000013c7f00000)]
  0x000001e1ee8dc490 JavaThread "File watcher consumer" daemon [_thread_blocked, id=23680, stack(0x00000013c7f00000,0x00000013c8000000)]
  0x000001e1ee8dceb0 JavaThread "Cache worker for checksums cache (D:\Workspace\Mobile\ReactNativeProjects\ParkingFinder\android\.gradle\8.3\checksums)" [_thread_blocked, id=20236, stack(0x00000013c8000000,0x00000013c8100000)]
  0x000001e1efe3fc50 JavaThread "Cache worker for file hash cache (D:\Workspace\Mobile\ReactNativeProjects\ParkingFinder\android\.gradle\8.3\fileHashes)" [_thread_blocked, id=21892, stack(0x00000013c8100000,0x00000013c8200000)]
  0x000001e1efe3d8e0 JavaThread "Cache worker for cache directory md-supplier (C:\Users\jbkha\.gradle\caches\8.3\md-supplier)" [_thread_blocked, id=5596, stack(0x00000013c8200000,0x00000013c8300000)]
  0x000001e1efe41090 JavaThread "Cache worker for file content cache (C:\Users\jbkha\.gradle\caches\8.3\fileContent)" [_thread_blocked, id=4844, stack(0x00000013c8300000,0x00000013c8400000)]
  0x000001e1efe3cec0 JavaThread "Cache worker for cache directory md-rule (C:\Users\jbkha\.gradle\caches\8.3\md-rule)" [_thread_blocked, id=27340, stack(0x00000013c8400000,0x00000013c8500000)]
  0x000001e1efe40160 JavaThread "Cache worker for execution history cache (C:\Users\jbkha\.gradle\caches\8.3\executionHistory)" [_thread_blocked, id=22444, stack(0x00000013c8500000,0x00000013c8600000)]
  0x000001e1efe3c9b0 JavaThread "jar transforms" [_thread_blocked, id=26132, stack(0x00000013c8800000,0x00000013c8900000)]
  0x000001e1efe3b060 JavaThread "jar transforms Thread 2" [_thread_blocked, id=25256, stack(0x00000013c8900000,0x00000013c8a00000)]
  0x000001e1efe3ba80 JavaThread "jar transforms Thread 3" [_thread_blocked, id=12628, stack(0x00000013c8600000,0x00000013c8700000)]
  0x000001e1efe40b80 JavaThread "jar transforms Thread 4" [_thread_blocked, id=5532, stack(0x00000013c8a00000,0x00000013c8b00000)]
  0x000001e1efe415a0 JavaThread "Cache worker for kotlin-dsl (C:\Users\jbkha\.gradle\caches\8.3\kotlin-dsl)" [_thread_blocked, id=18516, stack(0x00000013c8c00000,0x00000013c8d00000)]
  0x000001e1efe3b570 JavaThread "Unconstrained build operations" [_thread_blocked, id=24364, stack(0x00000013c9000000,0x00000013c9100000)]
  0x000001e1efe41fc0 JavaThread "Unconstrained build operations Thread 2" [_thread_blocked, id=11164, stack(0x00000013c9100000,0x00000013c9200000)]
  0x000001e1efe3bf90 JavaThread "Cache worker for dependencies-accessors (D:\Workspace\Mobile\ReactNativeProjects\ParkingFinder\android\.gradle\8.3\dependencies-accessors)" [_thread_blocked, id=80, stack(0x00000013c9200000,0x00000013c9300000)]
  0x000001e1efe3d3d0 JavaThread "Cache worker for Build Output Cleanup Cache (D:\Workspace\Mobile\ReactNativeProjects\ParkingFinder\node_modules\@react-native\gradle-plugin\.gradle\buildOutputCleanup)" [_thread_blocked, id=16024, stack(0x00000013c9300000,0x00000013c9400000)]
  0x000001e1efe424d0 JavaThread "Unconstrained build operations Thread 3" [_thread_blocked, id=25088, stack(0x00000013c9400000,0x00000013c9500000)]
  0x000001e1efe429e0 JavaThread "Unconstrained build operations Thread 4" [_thread_blocked, id=17952, stack(0x00000013c9500000,0x00000013c9600000)]
  0x000001e1efe3c4a0 JavaThread "Unconstrained build operations Thread 5" [_thread_blocked, id=15892, stack(0x00000013c9600000,0x00000013c9700000)]
  0x000001e1efe3e300 JavaThread "Memory manager" [_thread_blocked, id=26112, stack(0x00000013c8b00000,0x00000013c8c00000)]
  0x000001e1efe3f740 JavaThread "Cache worker for Build Output Cleanup Cache (D:\Workspace\Mobile\ReactNativeProjects\ParkingFinder\android\.gradle\buildOutputCleanup)" [_thread_blocked, id=10984, stack(0x00000013c9700000,0x00000013c9800000)]
  0x000001e1f14f04a0 JavaThread "ForkJoinPool.commonPool-worker-1" daemon [_thread_blocked, id=20060, stack(0x00000013c9800000,0x00000013c9900000)]
  0x000001e1f14f09b0 JavaThread "ForkJoinPool.commonPool-worker-2" daemon [_thread_blocked, id=17940, stack(0x00000013c9900000,0x00000013c9a00000)]
  0x000001e1f14f18e0 JavaThread "included builds" [_thread_blocked, id=26560, stack(0x00000013c9b00000,0x00000013c9c00000)]
  0x000001e1f14f1df0 JavaThread "Execution worker" [_thread_blocked, id=25508, stack(0x00000013c9c00000,0x00000013c9d00000)]
  0x000001e1f14eff90 JavaThread "Execution worker Thread 2" [_thread_blocked, id=21356, stack(0x00000013c9d00000,0x00000013c9e00000)]
  0x000001e1f14f2300 JavaThread "Execution worker Thread 3" [_thread_blocked, id=18708, stack(0x00000013c9e00000,0x00000013c9f00000)]
  0x000001e1f14f2810 JavaThread "Cache worker for execution history cache (D:\Workspace\Mobile\ReactNativeProjects\ParkingFinder\node_modules\@react-native\gradle-plugin\.gradle\8.3\executionHistory)" [_thread_blocked, id=26748, stack(0x00000013c9f00000,0x00000013ca000000)]
  0x000001e1f14ef060 JavaThread "Unconstrained build operations Thread 6" [_thread_blocked, id=12792, stack(0x00000013ca000000,0x00000013ca100000)]
  0x000001e1f14ef570 JavaThread "Unconstrained build operations Thread 7" [_thread_blocked, id=25364, stack(0x00000013ca100000,0x00000013ca200000)]
  0x000001e1f14efa80 JavaThread "Unconstrained build operations Thread 8" [_thread_blocked, id=25144, stack(0x00000013ca200000,0x00000013ca300000)]
  0x000001e1f06893e0 JavaThread "Unconstrained build operations Thread 9" [_thread_blocked, id=14428, stack(0x00000013ca300000,0x00000013ca400000)]
  0x000001e1f0687fa0 JavaThread "Unconstrained build operations Thread 10" [_thread_blocked, id=24708, stack(0x00000013ca400000,0x00000013ca500000)]
  0x000001e1f0687a90 JavaThread "Unconstrained build operations Thread 11" [_thread_blocked, id=20628, stack(0x00000013ca500000,0x00000013ca600000)]
  0x000001e1f06884b0 JavaThread "Unconstrained build operations Thread 12" [_thread_blocked, id=18900, stack(0x00000013ca600000,0x00000013ca700000)]
  0x000001e1f0683dd0 JavaThread "Unconstrained build operations Thread 13" [_thread_blocked, id=11512, stack(0x00000013ca700000,0x00000013ca800000)]
  0x000001e1f0687070 JavaThread "Unconstrained build operations Thread 14" [_thread_blocked, id=26640, stack(0x00000013c5800000,0x00000013c5900000)]
  0x000001e1f06898f0 JavaThread "Unconstrained build operations Thread 15" [_thread_blocked, id=3596, stack(0x00000013c5900000,0x00000013c5a00000)]
  0x000001e1f0687580 JavaThread "Unconstrained build operations Thread 16" [_thread_blocked, id=24548, stack(0x00000013c5b00000,0x00000013c5c00000)]
  0x000001e1f0689e00 JavaThread "Unconstrained build operations Thread 17" [_thread_blocked, id=17400, stack(0x00000013ca800000,0x00000013ca900000)]
  0x000001e1f0686650 JavaThread "Unconstrained build operations Thread 18" [_thread_blocked, id=3452, stack(0x00000013ca900000,0x00000013caa00000)]
  0x000001e1f06833b0 JavaThread "Unconstrained build operations Thread 19" [_thread_blocked, id=13452, stack(0x00000013caa00000,0x00000013cab00000)]
  0x000001e1f06838c0 JavaThread "Unconstrained build operations Thread 20" [_thread_blocked, id=19580, stack(0x00000013cab00000,0x00000013cac00000)]
  0x000001e1efbe7ee0 JavaThread "Unconstrained build operations Thread 21" [_thread_blocked, id=24556, stack(0x00000013cac00000,0x00000013cad00000)]
  0x000001e1efbe8900 JavaThread "Unconstrained build operations Thread 22" [_thread_blocked, id=22324, stack(0x00000013cad00000,0x00000013cae00000)]
  0x000001e1efbe6080 JavaThread "Unconstrained build operations Thread 23" [_thread_blocked, id=10468, stack(0x00000013cae00000,0x00000013caf00000)]

Other Threads:
  0x000001e1cd5ca570 VMThread "VM Thread" [stack: 0x00000013c6100000,0x00000013c6200000] [id=25788]
  0x000001e1adcaa1c0 WatcherThread [stack: 0x00000013c6d00000,0x00000013c6e00000] [id=11328]
  0x000001e1add02500 GCTaskThread "GC Thread#0" [stack: 0x00000013c5c00000,0x00000013c5d00000] [id=8168]
  0x000001e1cdad7350 GCTaskThread "GC Thread#1" [stack: 0x00000013c6e00000,0x00000013c6f00000] [id=9576]
  0x000001e1cdad7610 GCTaskThread "GC Thread#2" [stack: 0x00000013c6f00000,0x00000013c7000000] [id=18788]
  0x000001e1ed0ca680 GCTaskThread "GC Thread#3" [stack: 0x00000013c7000000,0x00000013c7100000] [id=27144]
  0x000001e1add13360 ConcurrentGCThread "G1 Main Marker" [stack: 0x00000013c5d00000,0x00000013c5e00000] [id=1232]
  0x000001e1add13c80 ConcurrentGCThread "G1 Conc#0" [stack: 0x00000013c5e00000,0x00000013c5f00000] [id=16808]
  0x000001e1cd480150 ConcurrentGCThread "G1 Refine#0" [stack: 0x00000013c5f00000,0x00000013c6000000] [id=24180]
  0x000001e1efd6baa0 ConcurrentGCThread "G1 Refine#1" [stack: 0x00000013c8700000,0x00000013c8800000] [id=6540]
  0x000001e1cd480a90 ConcurrentGCThread "G1 Service" [stack: 0x00000013c6000000,0x00000013c6100000] [id=15804]

Threads with active compile tasks:
C2 CompilerThread0   116887 13069       4       org.gradle.api.internal.DefaultNamedDomainObjectCollection::findByName (61 bytes)

VM state: not at safepoint (normal execution)

VM Mutex/Monitor currently owned by a thread:  ([mutex/lock_event])
[0x000001e1adca2c30] Metaspace_lock - owner thread: 0x000001e1ee8dd3c0

Heap address: 0x0000000080000000, size: 2048 MB, Compressed Oops mode: 32-bit

CDS archive(s) mapped at: [0x000001e1ce000000-0x000001e1cebd0000-0x000001e1cebd0000), size 12386304, SharedBaseAddress: 0x000001e1ce000000, ArchiveRelocationMode: 1.
Compressed class space mapped at: 0x000001e1cf000000-0x000001e1e9000000, reserved size: 436207616
Narrow klass base: 0x000001e1ce000000, Narrow klass shift: 0, Narrow klass range: 0x100000000

GC Precious Log:
 CPUs: 4 total, 4 available
 Memory: 16247M
 Large Page Support: Disabled
 NUMA Support: Disabled
 Compressed Oops: Enabled (32-bit)
 Heap Region Size: 1M
 Heap Min Capacity: 8M
 Heap Initial Capacity: 254M
 Heap Max Capacity: 2G
 Pre-touch: Disabled
 Parallel Workers: 4
 Concurrent Workers: 1
 Concurrent Refinement Workers: 4
 Periodic GC: Disabled

Heap:
 garbage-first heap   total 227328K, used 185221K [0x0000000080000000, 0x0000000100000000)
  region size 1024K, 33 young (33792K), 6 survivors (6144K)
 Metaspace       used 102070K, committed 103168K, reserved 557056K
  class space    used 14262K, committed 14784K, reserved 425984K

Heap Regions: E=young(eden), S=young(survivor), O=old, HS=humongous(starts), HC=humongous(continues), CS=collection set, F=free, OA=open archive, CA=closed archive, TAMS=top-at-mark-start (previous, next)
|   0|0x0000000080000000, 0x0000000080100000, 0x0000000080100000|100%| O|  |TAMS 0x0000000080100000, 0x0000000080000000| Untracked 
|   1|0x0000000080100000, 0x0000000080200000, 0x0000000080200000|100%| O|  |TAMS 0x0000000080200000, 0x0000000080100000| Untracked 
|   2|0x0000000080200000, 0x0000000080300000, 0x0000000080300000|100%|HS|  |TAMS 0x0000000080300000, 0x0000000080200000| Complete 
|   3|0x0000000080300000, 0x0000000080400000, 0x0000000080400000|100%|HC|  |TAMS 0x0000000080400000, 0x0000000080300000| Complete 
|   4|0x0000000080400000, 0x0000000080500000, 0x0000000080500000|100%|HC|  |TAMS 0x0000000080500000, 0x0000000080400000| Complete 
|   5|0x0000000080500000, 0x0000000080600000, 0x0000000080600000|100%|HC|  |TAMS 0x0000000080600000, 0x0000000080500000| Complete 
|   6|0x0000000080600000, 0x0000000080700000, 0x0000000080700000|100%| O|  |TAMS 0x0000000080700000, 0x0000000080600000| Untracked 
|   7|0x0000000080700000, 0x0000000080800000, 0x0000000080800000|100%| O|  |TAMS 0x0000000080800000, 0x0000000080700000| Untracked 
|   8|0x0000000080800000, 0x0000000080900000, 0x0000000080900000|100%| O|  |TAMS 0x0000000080900000, 0x0000000080800000| Untracked 
|   9|0x0000000080900000, 0x0000000080a00000, 0x0000000080a00000|100%| O|  |TAMS 0x0000000080a00000, 0x0000000080900000| Untracked 
|  10|0x0000000080a00000, 0x0000000080b00000, 0x0000000080b00000|100%| O|  |TAMS 0x0000000080b00000, 0x0000000080a00000| Untracked 
|  11|0x0000000080b00000, 0x0000000080c00000, 0x0000000080c00000|100%|HS|  |TAMS 0x0000000080c00000, 0x0000000080b00000| Complete 
|  12|0x0000000080c00000, 0x0000000080d00000, 0x0000000080d00000|100%| O|  |TAMS 0x0000000080d00000, 0x0000000080c00000| Untracked 
|  13|0x0000000080d00000, 0x0000000080e00000, 0x0000000080e00000|100%| O|  |TAMS 0x0000000080e00000, 0x0000000080d00000| Untracked 
|  14|0x0000000080e00000, 0x0000000080f00000, 0x0000000080f00000|100%| O|  |TAMS 0x0000000080f00000, 0x0000000080e00000| Untracked 
|  15|0x0000000080f00000, 0x0000000081000000, 0x0000000081000000|100%| O|  |TAMS 0x0000000081000000, 0x0000000080f00000| Untracked 
|  16|0x0000000081000000, 0x0000000081100000, 0x0000000081100000|100%| O|  |TAMS 0x0000000081100000, 0x0000000081000000| Untracked 
|  17|0x0000000081100000, 0x0000000081200000, 0x0000000081200000|100%| O|  |TAMS 0x0000000081200000, 0x0000000081100000| Untracked 
|  18|0x0000000081200000, 0x0000000081300000, 0x0000000081300000|100%| O|  |TAMS 0x0000000081300000, 0x0000000081200000| Untracked 
|  19|0x0000000081300000, 0x0000000081400000, 0x0000000081400000|100%| O|  |TAMS 0x0000000081400000, 0x0000000081300000| Untracked 
|  20|0x0000000081400000, 0x0000000081500000, 0x0000000081500000|100%| O|  |TAMS 0x0000000081500000, 0x0000000081400000| Untracked 
|  21|0x0000000081500000, 0x0000000081600000, 0x0000000081600000|100%| O|  |TAMS 0x0000000081600000, 0x0000000081500000| Untracked 
|  22|0x0000000081600000, 0x0000000081700000, 0x0000000081700000|100%| O|  |TAMS 0x0000000081700000, 0x0000000081600000| Untracked 
|  23|0x0000000081700000, 0x0000000081800000, 0x0000000081800000|100%| O|  |TAMS 0x0000000081800000, 0x0000000081700000| Untracked 
|  24|0x0000000081800000, 0x0000000081900000, 0x0000000081900000|100%| O|  |TAMS 0x0000000081900000, 0x0000000081800000| Untracked 
|  25|0x0000000081900000, 0x0000000081a00000, 0x0000000081a00000|100%| O|  |TAMS 0x0000000081a00000, 0x0000000081900000| Untracked 
|  26|0x0000000081a00000, 0x0000000081b00000, 0x0000000081b00000|100%| O|  |TAMS 0x0000000081b00000, 0x0000000081a00000| Untracked 
|  27|0x0000000081b00000, 0x0000000081c00000, 0x0000000081c00000|100%| O|  |TAMS 0x0000000081c00000, 0x0000000081b00000| Untracked 
|  28|0x0000000081c00000, 0x0000000081d00000, 0x0000000081d00000|100%| O|  |TAMS 0x0000000081d00000, 0x0000000081c00000| Untracked 
|  29|0x0000000081d00000, 0x0000000081e00000, 0x0000000081e00000|100%| O|  |TAMS 0x0000000081e00000, 0x0000000081d00000| Untracked 
|  30|0x0000000081e00000, 0x0000000081f00000, 0x0000000081f00000|100%| O|  |TAMS 0x0000000081f00000, 0x0000000081e00000| Untracked 
|  31|0x0000000081f00000, 0x0000000082000000, 0x0000000082000000|100%| O|  |TAMS 0x0000000082000000, 0x0000000081f00000| Untracked 
|  32|0x0000000082000000, 0x0000000082100000, 0x0000000082100000|100%| O|  |TAMS 0x0000000082100000, 0x0000000082000000| Untracked 
|  33|0x0000000082100000, 0x0000000082200000, 0x0000000082200000|100%| O|  |TAMS 0x0000000082200000, 0x0000000082100000| Untracked 
|  34|0x0000000082200000, 0x0000000082300000, 0x0000000082300000|100%| O|  |TAMS 0x0000000082300000, 0x0000000082200000| Untracked 
|  35|0x0000000082300000, 0x0000000082400000, 0x0000000082400000|100%| O|  |TAMS 0x0000000082400000, 0x0000000082300000| Untracked 
|  36|0x0000000082400000, 0x0000000082500000, 0x0000000082500000|100%| O|  |TAMS 0x0000000082500000, 0x0000000082400000| Untracked 
|  37|0x0000000082500000, 0x0000000082600000, 0x0000000082600000|100%| O|  |TAMS 0x0000000082600000, 0x0000000082500000| Untracked 
|  38|0x0000000082600000, 0x0000000082700000, 0x0000000082700000|100%| O|  |TAMS 0x0000000082700000, 0x0000000082600000| Untracked 
|  39|0x0000000082700000, 0x0000000082800000, 0x0000000082800000|100%|HS|  |TAMS 0x0000000082800000, 0x0000000082700000| Complete 
|  40|0x0000000082800000, 0x0000000082900000, 0x0000000082900000|100%|HC|  |TAMS 0x0000000082900000, 0x0000000082800000| Complete 
|  41|0x0000000082900000, 0x0000000082a00000, 0x0000000082a00000|100%|HS|  |TAMS 0x0000000082a00000, 0x0000000082900000| Complete 
|  42|0x0000000082a00000, 0x0000000082b00000, 0x0000000082b00000|100%|HC|  |TAMS 0x0000000082b00000, 0x0000000082a00000| Complete 
|  43|0x0000000082b00000, 0x0000000082c00000, 0x0000000082c00000|100%| O|  |TAMS 0x0000000082c00000, 0x0000000082b00000| Untracked 
|  44|0x0000000082c00000, 0x0000000082d00000, 0x0000000082d00000|100%| O|  |TAMS 0x0000000082d00000, 0x0000000082c00000| Untracked 
|  45|0x0000000082d00000, 0x0000000082e00000, 0x0000000082e00000|100%|HS|  |TAMS 0x0000000082e00000, 0x0000000082d00000| Complete 
|  46|0x0000000082e00000, 0x0000000082f00000, 0x0000000082f00000|100%|HC|  |TAMS 0x0000000082f00000, 0x0000000082e00000| Complete 
|  47|0x0000000082f00000, 0x0000000083000000, 0x0000000083000000|100%|HC|  |TAMS 0x0000000083000000, 0x0000000082f00000| Complete 
|  48|0x0000000083000000, 0x0000000083100000, 0x0000000083100000|100%|HC|  |TAMS 0x0000000083100000, 0x0000000083000000| Complete 
|  49|0x0000000083100000, 0x0000000083200000, 0x0000000083200000|100%| O|  |TAMS 0x0000000083200000, 0x0000000083100000| Untracked 
|  50|0x0000000083200000, 0x0000000083300000, 0x0000000083300000|100%| O|  |TAMS 0x0000000083300000, 0x0000000083200000| Untracked 
|  51|0x0000000083300000, 0x0000000083400000, 0x0000000083400000|100%| O|  |TAMS 0x0000000083400000, 0x0000000083300000| Untracked 
|  52|0x0000000083400000, 0x0000000083500000, 0x0000000083500000|100%| O|  |TAMS 0x0000000083500000, 0x0000000083400000| Untracked 
|  53|0x0000000083500000, 0x0000000083600000, 0x0000000083600000|100%|HS|  |TAMS 0x0000000083600000, 0x0000000083500000| Complete 
|  54|0x0000000083600000, 0x0000000083700000, 0x0000000083700000|100%|HC|  |TAMS 0x0000000083700000, 0x0000000083600000| Complete 
|  55|0x0000000083700000, 0x0000000083800000, 0x0000000083800000|100%|HC|  |TAMS 0x0000000083800000, 0x0000000083700000| Complete 
|  56|0x0000000083800000, 0x0000000083900000, 0x0000000083900000|100%|HC|  |TAMS 0x0000000083900000, 0x0000000083800000| Complete 
|  57|0x0000000083900000, 0x0000000083a00000, 0x0000000083a00000|100%| O|  |TAMS 0x0000000083a00000, 0x0000000083900000| Untracked 
|  58|0x0000000083a00000, 0x0000000083b00000, 0x0000000083b00000|100%| O|  |TAMS 0x0000000083b00000, 0x0000000083a00000| Untracked 
|  59|0x0000000083b00000, 0x0000000083c00000, 0x0000000083c00000|100%| O|  |TAMS 0x0000000083c00000, 0x0000000083b00000| Untracked 
|  60|0x0000000083c00000, 0x0000000083d00000, 0x0000000083d00000|100%| O|  |TAMS 0x0000000083d00000, 0x0000000083c00000| Untracked 
|  61|0x0000000083d00000, 0x0000000083e00000, 0x0000000083e00000|100%| O|  |TAMS 0x0000000083e00000, 0x0000000083d00000| Untracked 
|  62|0x0000000083e00000, 0x0000000083f00000, 0x0000000083f00000|100%| O|  |TAMS 0x0000000083f00000, 0x0000000083e00000| Untracked 
|  63|0x0000000083f00000, 0x0000000084000000, 0x0000000084000000|100%| O|  |TAMS 0x0000000084000000, 0x0000000083f00000| Untracked 
|  64|0x0000000084000000, 0x0000000084100000, 0x0000000084100000|100%| O|  |TAMS 0x0000000084100000, 0x0000000084000000| Untracked 
|  65|0x0000000084100000, 0x0000000084200000, 0x0000000084200000|100%| O|  |TAMS 0x0000000084200000, 0x0000000084100000| Untracked 
|  66|0x0000000084200000, 0x0000000084300000, 0x0000000084300000|100%|HS|  |TAMS 0x0000000084300000, 0x0000000084200000| Complete 
|  67|0x0000000084300000, 0x0000000084400000, 0x0000000084400000|100%|HS|  |TAMS 0x0000000084400000, 0x0000000084300000| Complete 
|  68|0x0000000084400000, 0x0000000084500000, 0x0000000084500000|100%|HS|  |TAMS 0x0000000084500000, 0x0000000084400000| Complete 
|  69|0x0000000084500000, 0x0000000084600000, 0x0000000084600000|100%| O|  |TAMS 0x0000000084600000, 0x0000000084500000| Untracked 
|  70|0x0000000084600000, 0x0000000084700000, 0x0000000084700000|100%| O|  |TAMS 0x0000000084700000, 0x0000000084600000| Untracked 
|  71|0x0000000084700000, 0x0000000084800000, 0x0000000084800000|100%| O|  |TAMS 0x0000000084800000, 0x0000000084700000| Untracked 
|  72|0x0000000084800000, 0x0000000084900000, 0x0000000084900000|100%| O|  |TAMS 0x0000000084900000, 0x0000000084800000| Untracked 
|  73|0x0000000084900000, 0x0000000084a00000, 0x0000000084a00000|100%|HS|  |TAMS 0x0000000084a00000, 0x0000000084900000| Complete 
|  74|0x0000000084a00000, 0x0000000084b00000, 0x0000000084b00000|100%| O|  |TAMS 0x0000000084b00000, 0x0000000084a00000| Untracked 
|  75|0x0000000084b00000, 0x0000000084c00000, 0x0000000084c00000|100%| O|  |TAMS 0x0000000084c00000, 0x0000000084b00000| Untracked 
|  76|0x0000000084c00000, 0x0000000084d00000, 0x0000000084d00000|100%| O|  |TAMS 0x0000000084d00000, 0x0000000084c00000| Untracked 
|  77|0x0000000084d00000, 0x0000000084e00000, 0x0000000084e00000|100%| O|  |TAMS 0x0000000084e00000, 0x0000000084d00000| Untracked 
|  78|0x0000000084e00000, 0x0000000084f00000, 0x0000000084f00000|100%| O|  |TAMS 0x0000000084f00000, 0x0000000084e00000| Untracked 
|  79|0x0000000084f00000, 0x0000000085000000, 0x0000000085000000|100%| O|  |TAMS 0x0000000085000000, 0x0000000084f00000| Untracked 
|  80|0x0000000085000000, 0x0000000085100000, 0x0000000085100000|100%| O|  |TAMS 0x0000000085100000, 0x0000000085000000| Untracked 
|  81|0x0000000085100000, 0x0000000085200000, 0x0000000085200000|100%| O|  |TAMS 0x0000000085200000, 0x0000000085100000| Untracked 
|  82|0x0000000085200000, 0x0000000085300000, 0x0000000085300000|100%| O|  |TAMS 0x0000000085300000, 0x0000000085200000| Untracked 
|  83|0x0000000085300000, 0x0000000085400000, 0x0000000085400000|100%| O|  |TAMS 0x0000000085400000, 0x0000000085300000| Untracked 
|  84|0x0000000085400000, 0x0000000085500000, 0x0000000085500000|100%| O|  |TAMS 0x0000000085500000, 0x0000000085400000| Untracked 
|  85|0x0000000085500000, 0x0000000085600000, 0x0000000085600000|100%| O|  |TAMS 0x0000000085600000, 0x0000000085500000| Untracked 
|  86|0x0000000085600000, 0x0000000085700000, 0x0000000085700000|100%| O|  |TAMS 0x0000000085700000, 0x0000000085600000| Untracked 
|  87|0x0000000085700000, 0x0000000085800000, 0x0000000085800000|100%| O|  |TAMS 0x0000000085800000, 0x0000000085700000| Untracked 
|  88|0x0000000085800000, 0x0000000085900000, 0x0000000085900000|100%| O|  |TAMS 0x0000000085900000, 0x0000000085800000| Untracked 
|  89|0x0000000085900000, 0x0000000085a00000, 0x0000000085a00000|100%| O|  |TAMS 0x0000000085a00000, 0x0000000085900000| Untracked 
|  90|0x0000000085a00000, 0x0000000085b00000, 0x0000000085b00000|100%| O|  |TAMS 0x0000000085b00000, 0x0000000085a00000| Untracked 
|  91|0x0000000085b00000, 0x0000000085c00000, 0x0000000085c00000|100%| O|  |TAMS 0x0000000085c00000, 0x0000000085b00000| Untracked 
|  92|0x0000000085c00000, 0x0000000085d00000, 0x0000000085d00000|100%| O|  |TAMS 0x0000000085d00000, 0x0000000085c00000| Untracked 
|  93|0x0000000085d00000, 0x0000000085e00000, 0x0000000085e00000|100%|HS|  |TAMS 0x0000000085e00000, 0x0000000085d00000| Complete 
|  94|0x0000000085e00000, 0x0000000085f00000, 0x0000000085f00000|100%|HC|  |TAMS 0x0000000085f00000, 0x0000000085e00000| Complete 
|  95|0x0000000085f00000, 0x0000000086000000, 0x0000000086000000|100%| O|  |TAMS 0x0000000086000000, 0x0000000085f00000| Untracked 
|  96|0x0000000086000000, 0x0000000086100000, 0x0000000086100000|100%| O|  |TAMS 0x0000000086100000, 0x0000000086000000| Untracked 
|  97|0x0000000086100000, 0x0000000086200000, 0x0000000086200000|100%| O|  |TAMS 0x0000000086200000, 0x0000000086100000| Untracked 
|  98|0x0000000086200000, 0x0000000086300000, 0x0000000086300000|100%| O|  |TAMS 0x0000000086300000, 0x0000000086200000| Untracked 
|  99|0x0000000086300000, 0x0000000086400000, 0x0000000086400000|100%| O|  |TAMS 0x0000000086400000, 0x0000000086300000| Untracked 
| 100|0x0000000086400000, 0x0000000086500000, 0x0000000086500000|100%| O|  |TAMS 0x0000000086500000, 0x0000000086400000| Untracked 
| 101|0x0000000086500000, 0x0000000086600000, 0x0000000086600000|100%| O|  |TAMS 0x0000000086600000, 0x0000000086500000| Untracked 
| 102|0x0000000086600000, 0x0000000086700000, 0x0000000086700000|100%| O|  |TAMS 0x0000000086700000, 0x0000000086600000| Untracked 
| 103|0x0000000086700000, 0x0000000086800000, 0x0000000086800000|100%| O|  |TAMS 0x0000000086800000, 0x0000000086700000| Untracked 
| 104|0x0000000086800000, 0x0000000086900000, 0x0000000086900000|100%| O|  |TAMS 0x0000000086900000, 0x0000000086800000| Untracked 
| 105|0x0000000086900000, 0x0000000086a00000, 0x0000000086a00000|100%| O|  |TAMS 0x0000000086a00000, 0x0000000086900000| Untracked 
| 106|0x0000000086a00000, 0x0000000086b00000, 0x0000000086b00000|100%| O|  |TAMS 0x0000000086b00000, 0x0000000086a00000| Untracked 
| 107|0x0000000086b00000, 0x0000000086c00000, 0x0000000086c00000|100%| O|  |TAMS 0x0000000086c00000, 0x0000000086b00000| Untracked 
| 108|0x0000000086c00000, 0x0000000086d00000, 0x0000000086d00000|100%| O|  |TAMS 0x0000000086d00000, 0x0000000086c00000| Untracked 
| 109|0x0000000086d00000, 0x0000000086e00000, 0x0000000086e00000|100%| O|  |TAMS 0x0000000086e00000, 0x0000000086d00000| Untracked 
| 110|0x0000000086e00000, 0x0000000086f00000, 0x0000000086f00000|100%| O|  |TAMS 0x0000000086f00000, 0x0000000086e00000| Untracked 
| 111|0x0000000086f00000, 0x0000000087000000, 0x0000000087000000|100%| O|  |TAMS 0x0000000087000000, 0x0000000086f00000| Untracked 
| 112|0x0000000087000000, 0x0000000087100000, 0x0000000087100000|100%| O|  |TAMS 0x0000000087100000, 0x0000000087000000| Untracked 
| 113|0x0000000087100000, 0x0000000087200000, 0x0000000087200000|100%| O|  |TAMS 0x0000000087200000, 0x0000000087100000| Untracked 
| 114|0x0000000087200000, 0x0000000087300000, 0x0000000087300000|100%| O|  |TAMS 0x0000000087200000, 0x0000000087200000| Untracked 
| 115|0x0000000087300000, 0x0000000087400000, 0x0000000087400000|100%|HS|  |TAMS 0x0000000087400000, 0x0000000087300000| Complete 
| 116|0x0000000087400000, 0x0000000087500000, 0x0000000087500000|100%| O|  |TAMS 0x0000000087400000, 0x0000000087400000| Untracked 
| 117|0x0000000087500000, 0x0000000087600000, 0x0000000087600000|100%|HS|  |TAMS 0x0000000087600000, 0x0000000087500000| Complete 
| 118|0x0000000087600000, 0x0000000087700000, 0x0000000087700000|100%|HC|  |TAMS 0x0000000087700000, 0x0000000087600000| Complete 
| 119|0x0000000087700000, 0x0000000087800000, 0x0000000087800000|100%| O|  |TAMS 0x0000000087700000, 0x0000000087700000| Untracked 
| 120|0x0000000087800000, 0x0000000087900000, 0x0000000087900000|100%| O|  |TAMS 0x0000000087800000, 0x0000000087800000| Untracked 
| 121|0x0000000087900000, 0x0000000087a00000, 0x0000000087a00000|100%| O|  |TAMS 0x0000000087900000, 0x0000000087900000| Untracked 
| 122|0x0000000087a00000, 0x0000000087b00000, 0x0000000087b00000|100%| O|  |TAMS 0x0000000087a00000, 0x0000000087a00000| Untracked 
| 123|0x0000000087b00000, 0x0000000087c00000, 0x0000000087c00000|100%| O|  |TAMS 0x0000000087b00000, 0x0000000087b00000| Untracked 
| 124|0x0000000087c00000, 0x0000000087d00000, 0x0000000087d00000|100%| O|  |TAMS 0x0000000087c00000, 0x0000000087c00000| Untracked 
| 125|0x0000000087d00000, 0x0000000087e00000, 0x0000000087e00000|100%| O|  |TAMS 0x0000000087d00000, 0x0000000087d00000| Untracked 
| 126|0x0000000087e00000, 0x0000000087f00000, 0x0000000087f00000|100%| O|  |TAMS 0x0000000087e00000, 0x0000000087e00000| Untracked 
| 127|0x0000000087f00000, 0x0000000088000000, 0x0000000088000000|100%| O|  |TAMS 0x0000000087f00000, 0x0000000087f00000| Untracked 
| 128|0x0000000088000000, 0x0000000088100000, 0x0000000088100000|100%| O|  |TAMS 0x0000000088000000, 0x0000000088000000| Untracked 
| 129|0x0000000088100000, 0x0000000088200000, 0x0000000088200000|100%| O|  |TAMS 0x0000000088100000, 0x0000000088100000| Untracked 
| 130|0x0000000088200000, 0x0000000088300000, 0x0000000088300000|100%| O|  |TAMS 0x0000000088200000, 0x0000000088200000| Untracked 
| 131|0x0000000088300000, 0x0000000088400000, 0x0000000088400000|100%| O|  |TAMS 0x0000000088300000, 0x0000000088300000| Untracked 
| 132|0x0000000088400000, 0x0000000088500000, 0x0000000088500000|100%| O|  |TAMS 0x0000000088400000, 0x0000000088400000| Untracked 
| 133|0x0000000088500000, 0x0000000088600000, 0x0000000088600000|100%| O|  |TAMS 0x0000000088500000, 0x0000000088500000| Untracked 
| 134|0x0000000088600000, 0x0000000088700000, 0x0000000088700000|100%| O|  |TAMS 0x0000000088600000, 0x0000000088600000| Untracked 
| 135|0x0000000088700000, 0x0000000088800000, 0x0000000088800000|100%| O|  |TAMS 0x0000000088700000, 0x0000000088700000| Untracked 
| 136|0x0000000088800000, 0x0000000088900000, 0x0000000088900000|100%| O|  |TAMS 0x0000000088800000, 0x0000000088800000| Untracked 
| 137|0x0000000088900000, 0x0000000088a00000, 0x0000000088a00000|100%| O|  |TAMS 0x0000000088900000, 0x0000000088900000| Untracked 
| 138|0x0000000088a00000, 0x0000000088b00000, 0x0000000088b00000|100%| O|  |TAMS 0x0000000088a00000, 0x0000000088a00000| Untracked 
| 139|0x0000000088b00000, 0x0000000088c00000, 0x0000000088c00000|100%| O|  |TAMS 0x0000000088b00000, 0x0000000088b00000| Untracked 
| 140|0x0000000088c00000, 0x0000000088d00000, 0x0000000088d00000|100%| O|  |TAMS 0x0000000088c00000, 0x0000000088c00000| Untracked 
| 141|0x0000000088d00000, 0x0000000088e00000, 0x0000000088e00000|100%| O|  |TAMS 0x0000000088d00000, 0x0000000088d00000| Untracked 
| 142|0x0000000088e00000, 0x0000000088f00000, 0x0000000088f00000|100%| O|  |TAMS 0x0000000088e00000, 0x0000000088e00000| Untracked 
| 143|0x0000000088f00000, 0x0000000089000000, 0x0000000089000000|100%| O|  |TAMS 0x0000000088f00000, 0x0000000088f00000| Untracked 
| 144|0x0000000089000000, 0x0000000089100000, 0x0000000089100000|100%| O|  |TAMS 0x0000000089000000, 0x0000000089000000| Untracked 
| 145|0x0000000089100000, 0x0000000089200000, 0x0000000089200000|100%| O|  |TAMS 0x0000000089100000, 0x0000000089100000| Untracked 
| 146|0x0000000089200000, 0x00000000892e1600, 0x0000000089300000| 88%| O|  |TAMS 0x0000000089200000, 0x0000000089200000| Untracked 
| 147|0x0000000089300000, 0x0000000089400000, 0x0000000089400000|100%|HS|  |TAMS 0x0000000089300000, 0x0000000089300000| Complete 
| 148|0x0000000089400000, 0x0000000089500000, 0x0000000089500000|100%|HS|  |TAMS 0x0000000089400000, 0x0000000089400000| Complete 
| 149|0x0000000089500000, 0x0000000089500000, 0x0000000089600000|  0%| F|  |TAMS 0x0000000089500000, 0x0000000089500000| Untracked 
| 150|0x0000000089600000, 0x0000000089600000, 0x0000000089700000|  0%| F|  |TAMS 0x0000000089600000, 0x0000000089600000| Untracked 
| 151|0x0000000089700000, 0x0000000089700000, 0x0000000089800000|  0%| F|  |TAMS 0x0000000089700000, 0x0000000089700000| Untracked 
| 152|0x0000000089800000, 0x0000000089800000, 0x0000000089900000|  0%| F|  |TAMS 0x0000000089800000, 0x0000000089800000| Untracked 
| 153|0x0000000089900000, 0x0000000089900000, 0x0000000089a00000|  0%| F|  |TAMS 0x0000000089900000, 0x0000000089900000| Untracked 
| 154|0x0000000089a00000, 0x0000000089a00000, 0x0000000089b00000|  0%| F|  |TAMS 0x0000000089a00000, 0x0000000089a00000| Untracked 
| 155|0x0000000089b00000, 0x0000000089b00000, 0x0000000089c00000|  0%| F|  |TAMS 0x0000000089b00000, 0x0000000089b00000| Untracked 
| 156|0x0000000089c00000, 0x0000000089c00000, 0x0000000089d00000|  0%| F|  |TAMS 0x0000000089c00000, 0x0000000089c00000| Untracked 
| 157|0x0000000089d00000, 0x0000000089d00000, 0x0000000089e00000|  0%| F|  |TAMS 0x0000000089d00000, 0x0000000089d00000| Untracked 
| 158|0x0000000089e00000, 0x0000000089e00000, 0x0000000089f00000|  0%| F|  |TAMS 0x0000000089e00000, 0x0000000089e00000| Untracked 
| 159|0x0000000089f00000, 0x0000000089f00000, 0x000000008a000000|  0%| F|  |TAMS 0x0000000089f00000, 0x0000000089f00000| Untracked 
| 160|0x000000008a000000, 0x000000008a000000, 0x000000008a100000|  0%| F|  |TAMS 0x000000008a000000, 0x000000008a000000| Untracked 
| 161|0x000000008a100000, 0x000000008a100000, 0x000000008a200000|  0%| F|  |TAMS 0x000000008a100000, 0x000000008a100000| Untracked 
| 162|0x000000008a200000, 0x000000008a200000, 0x000000008a300000|  0%| F|  |TAMS 0x000000008a200000, 0x000000008a200000| Untracked 
| 163|0x000000008a300000, 0x000000008a300000, 0x000000008a400000|  0%| F|  |TAMS 0x000000008a300000, 0x000000008a300000| Untracked 
| 164|0x000000008a400000, 0x000000008a400000, 0x000000008a500000|  0%| F|  |TAMS 0x000000008a400000, 0x000000008a400000| Untracked 
| 165|0x000000008a500000, 0x000000008a500000, 0x000000008a600000|  0%| F|  |TAMS 0x000000008a500000, 0x000000008a500000| Untracked 
| 166|0x000000008a600000, 0x000000008a600000, 0x000000008a700000|  0%| F|  |TAMS 0x000000008a600000, 0x000000008a600000| Untracked 
| 167|0x000000008a700000, 0x000000008a700000, 0x000000008a800000|  0%| F|  |TAMS 0x000000008a700000, 0x000000008a700000| Untracked 
| 168|0x000000008a800000, 0x000000008a800000, 0x000000008a900000|  0%| F|  |TAMS 0x000000008a800000, 0x000000008a800000| Untracked 
| 169|0x000000008a900000, 0x000000008a900000, 0x000000008aa00000|  0%| F|  |TAMS 0x000000008a900000, 0x000000008a900000| Untracked 
| 170|0x000000008aa00000, 0x000000008aa00000, 0x000000008ab00000|  0%| F|  |TAMS 0x000000008aa00000, 0x000000008aa00000| Untracked 
| 171|0x000000008ab00000, 0x000000008ab00000, 0x000000008ac00000|  0%| F|  |TAMS 0x000000008ab00000, 0x000000008ab00000| Untracked 
| 172|0x000000008ac00000, 0x000000008ac00000, 0x000000008ad00000|  0%| F|  |TAMS 0x000000008ac00000, 0x000000008ac00000| Untracked 
| 173|0x000000008ad00000, 0x000000008ad00000, 0x000000008ae00000|  0%| F|  |TAMS 0x000000008ad00000, 0x000000008ad00000| Untracked 
| 174|0x000000008ae00000, 0x000000008ae00000, 0x000000008af00000|  0%| F|  |TAMS 0x000000008ae00000, 0x000000008ae00000| Untracked 
| 175|0x000000008af00000, 0x000000008af00000, 0x000000008b000000|  0%| F|  |TAMS 0x000000008af00000, 0x000000008af00000| Untracked 
| 176|0x000000008b000000, 0x000000008b000000, 0x000000008b100000|  0%| F|  |TAMS 0x000000008b000000, 0x000000008b000000| Untracked 
| 177|0x000000008b100000, 0x000000008b100000, 0x000000008b200000|  0%| F|  |TAMS 0x000000008b100000, 0x000000008b100000| Untracked 
| 178|0x000000008b200000, 0x000000008b200000, 0x000000008b300000|  0%| F|  |TAMS 0x000000008b200000, 0x000000008b200000| Untracked 
| 179|0x000000008b300000, 0x000000008b400000, 0x000000008b400000|100%| S|CS|TAMS 0x000000008b300000, 0x000000008b300000| Complete 
| 180|0x000000008b400000, 0x000000008b500000, 0x000000008b500000|100%| S|CS|TAMS 0x000000008b400000, 0x000000008b400000| Complete 
| 181|0x000000008b500000, 0x000000008b600000, 0x000000008b600000|100%| S|CS|TAMS 0x000000008b500000, 0x000000008b500000| Complete 
| 182|0x000000008b600000, 0x000000008b700000, 0x000000008b700000|100%| S|CS|TAMS 0x000000008b600000, 0x000000008b600000| Complete 
| 183|0x000000008b700000, 0x000000008b800000, 0x000000008b800000|100%| S|CS|TAMS 0x000000008b700000, 0x000000008b700000| Complete 
| 184|0x000000008b800000, 0x000000008b900000, 0x000000008b900000|100%| S|CS|TAMS 0x000000008b800000, 0x000000008b800000| Complete 
| 185|0x000000008b900000, 0x000000008b900000, 0x000000008ba00000|  0%| F|  |TAMS 0x000000008b900000, 0x000000008b900000| Untracked 
| 186|0x000000008ba00000, 0x000000008ba00000, 0x000000008bb00000|  0%| F|  |TAMS 0x000000008ba00000, 0x000000008ba00000| Untracked 
| 187|0x000000008bb00000, 0x000000008bb00000, 0x000000008bc00000|  0%| F|  |TAMS 0x000000008bb00000, 0x000000008bb00000| Untracked 
| 188|0x000000008bc00000, 0x000000008bc00000, 0x000000008bd00000|  0%| F|  |TAMS 0x000000008bc00000, 0x000000008bc00000| Untracked 
| 189|0x000000008bd00000, 0x000000008bd00000, 0x000000008be00000|  0%| F|  |TAMS 0x000000008bd00000, 0x000000008bd00000| Untracked 
| 190|0x000000008be00000, 0x000000008be00000, 0x000000008bf00000|  0%| F|  |TAMS 0x000000008be00000, 0x000000008be00000| Untracked 
| 191|0x000000008bf00000, 0x000000008bf00000, 0x000000008c000000|  0%| F|  |TAMS 0x000000008bf00000, 0x000000008bf00000| Untracked 
| 192|0x000000008c000000, 0x000000008c000000, 0x000000008c100000|  0%| F|  |TAMS 0x000000008c000000, 0x000000008c000000| Untracked 
| 193|0x000000008c100000, 0x000000008c100000, 0x000000008c200000|  0%| F|  |TAMS 0x000000008c100000, 0x000000008c100000| Untracked 
| 194|0x000000008c200000, 0x000000008c200000, 0x000000008c300000|  0%| F|  |TAMS 0x000000008c200000, 0x000000008c200000| Untracked 
| 195|0x000000008c300000, 0x000000008c3850a0, 0x000000008c400000| 51%| E|  |TAMS 0x000000008c300000, 0x000000008c300000| Complete 
| 196|0x000000008c400000, 0x000000008c500000, 0x000000008c500000|100%| E|CS|TAMS 0x000000008c400000, 0x000000008c400000| Complete 
| 197|0x000000008c500000, 0x000000008c600000, 0x000000008c600000|100%| E|CS|TAMS 0x000000008c500000, 0x000000008c500000| Complete 
| 198|0x000000008c600000, 0x000000008c700000, 0x000000008c700000|100%| E|CS|TAMS 0x000000008c600000, 0x000000008c600000| Complete 
| 199|0x000000008c700000, 0x000000008c800000, 0x000000008c800000|100%| E|CS|TAMS 0x000000008c700000, 0x000000008c700000| Complete 
| 200|0x000000008c800000, 0x000000008c900000, 0x000000008c900000|100%| E|CS|TAMS 0x000000008c800000, 0x000000008c800000| Complete 
| 201|0x000000008c900000, 0x000000008ca00000, 0x000000008ca00000|100%| E|CS|TAMS 0x000000008c900000, 0x000000008c900000| Complete 
| 202|0x000000008ca00000, 0x000000008cb00000, 0x000000008cb00000|100%| E|CS|TAMS 0x000000008ca00000, 0x000000008ca00000| Complete 
| 203|0x000000008cb00000, 0x000000008cc00000, 0x000000008cc00000|100%| E|CS|TAMS 0x000000008cb00000, 0x000000008cb00000| Complete 
| 204|0x000000008cc00000, 0x000000008cd00000, 0x000000008cd00000|100%| E|CS|TAMS 0x000000008cc00000, 0x000000008cc00000| Complete 
| 205|0x000000008cd00000, 0x000000008ce00000, 0x000000008ce00000|100%| E|CS|TAMS 0x000000008cd00000, 0x000000008cd00000| Complete 
| 206|0x000000008ce00000, 0x000000008cf00000, 0x000000008cf00000|100%| E|CS|TAMS 0x000000008ce00000, 0x000000008ce00000| Complete 
| 207|0x000000008cf00000, 0x000000008d000000, 0x000000008d000000|100%| E|CS|TAMS 0x000000008cf00000, 0x000000008cf00000| Complete 
| 208|0x000000008d000000, 0x000000008d100000, 0x000000008d100000|100%| E|CS|TAMS 0x000000008d000000, 0x000000008d000000| Complete 
| 209|0x000000008d100000, 0x000000008d200000, 0x000000008d200000|100%| E|CS|TAMS 0x000000008d100000, 0x000000008d100000| Complete 
| 210|0x000000008d200000, 0x000000008d300000, 0x000000008d300000|100%| E|CS|TAMS 0x000000008d200000, 0x000000008d200000| Complete 
| 211|0x000000008d300000, 0x000000008d400000, 0x000000008d400000|100%| E|CS|TAMS 0x000000008d300000, 0x000000008d300000| Complete 
| 212|0x000000008d400000, 0x000000008d500000, 0x000000008d500000|100%| E|CS|TAMS 0x000000008d400000, 0x000000008d400000| Complete 
| 213|0x000000008d500000, 0x000000008d600000, 0x000000008d600000|100%| E|CS|TAMS 0x000000008d500000, 0x000000008d500000| Complete 
| 214|0x000000008d600000, 0x000000008d700000, 0x000000008d700000|100%| E|CS|TAMS 0x000000008d600000, 0x000000008d600000| Complete 
| 215|0x000000008d700000, 0x000000008d800000, 0x000000008d800000|100%| E|CS|TAMS 0x000000008d700000, 0x000000008d700000| Complete 
| 216|0x000000008d800000, 0x000000008d900000, 0x000000008d900000|100%| E|CS|TAMS 0x000000008d800000, 0x000000008d800000| Complete 
| 217|0x000000008d900000, 0x000000008da00000, 0x000000008da00000|100%| E|CS|TAMS 0x000000008d900000, 0x000000008d900000| Complete 
| 218|0x000000008da00000, 0x000000008db00000, 0x000000008db00000|100%| E|CS|TAMS 0x000000008da00000, 0x000000008da00000| Complete 
| 219|0x000000008db00000, 0x000000008dc00000, 0x000000008dc00000|100%| E|CS|TAMS 0x000000008db00000, 0x000000008db00000| Complete 
| 220|0x000000008dc00000, 0x000000008dd00000, 0x000000008dd00000|100%| E|CS|TAMS 0x000000008dc00000, 0x000000008dc00000| Complete 
| 253|0x000000008fd00000, 0x000000008fe00000, 0x000000008fe00000|100%| E|CS|TAMS 0x000000008fd00000, 0x000000008fd00000| Complete 

Card table byte_map: [0x000001e1c6770000,0x000001e1c6b70000] _byte_map_base: 0x000001e1c6370000

Marking Bits (Prev, Next): (CMBitMap*) 0x000001e1add02a70, (CMBitMap*) 0x000001e1add02a30
 Prev Bits: [0x000001e1c8f70000, 0x000001e1caf70000)
 Next Bits: [0x000001e1c6f70000, 0x000001e1c8f70000)

Polling page: 0x000001e1ada90000

Metaspace:

Usage:
  Non-class:     85.75 MB used.
      Class:     13.93 MB used.
       Both:     99.68 MB used.

Virtual space:
  Non-class space:      128.00 MB reserved,      86.31 MB ( 67%) committed,  2 nodes.
      Class space:      416.00 MB reserved,      14.44 MB (  3%) committed,  1 nodes.
             Both:      544.00 MB reserved,     100.75 MB ( 19%) committed. 

Chunk freelists:
   Non-Class:  8.87 MB
       Class:  1.58 MB
        Both:  10.45 MB

MaxMetaspaceSize: 512.00 MB
CompressedClassSpaceSize: 416.00 MB
Initial GC threshold: 21.00 MB
Current GC threshold: 157.12 MB
CDS: on
MetaspaceReclaimPolicy: balanced
 - commit_granule_bytes: 65536.
 - commit_granule_words: 8192.
 - virtual_space_node_default_size: 8388608.
 - enlarge_chunks_in_place: 1.
 - new_chunks_are_fully_committed: 0.
 - uncommit_free_chunks: 1.
 - use_allocation_guard: 0.
 - handle_deallocations: 1.


Internal statistics:

num_allocs_failed_limit: 9.
num_arena_births: 1316.
num_arena_deaths: 0.
num_vsnodes_births: 3.
num_vsnodes_deaths: 0.
num_space_committed: 1612.
num_space_uncommitted: 0.
num_chunks_returned_to_freelist: 9.
num_chunks_taken_from_freelist: 5674.
num_chunk_merges: 9.
num_chunk_splits: 3670.
num_chunks_enlarged: 2332.
num_inconsistent_stats: 0.

CodeHeap 'non-profiled nmethods': size=120000Kb used=7504Kb max_used=7849Kb free=112495Kb
 bounds [0x000001e1be820000, 0x000001e1befd0000, 0x000001e1c5d50000]
CodeHeap 'profiled nmethods': size=120000Kb used=22672Kb max_used=23935Kb free=97328Kb
 bounds [0x000001e1b6d50000, 0x000001e1b84c0000, 0x000001e1be280000]
CodeHeap 'non-nmethods': size=5760Kb used=2447Kb max_used=2523Kb free=3312Kb
 bounds [0x000001e1be280000, 0x000001e1be510000, 0x000001e1be820000]
 total_blobs=12233 nmethods=11243 adapters=902
 compilation: enabled
              stopped_count=0, restarted_count=0
 full_count=0

Compilation events (20 events):
Event: 116.761 Thread 0x000001e1cd5eabb0 13079       1       org.gradle.configuration.internal.DefaultListenerBuildOperationDecorator::access$400 (5 bytes)
Event: 116.761 Thread 0x000001e1cd5eabb0 nmethod 13079 0x000001e1be8ec190 code [0x000001e1be8ec320, 0x000001e1be8ec3d8]
Event: 116.761 Thread 0x000001e1cd5eabb0 13080       1       org.gradle.configuration.internal.DefaultListenerBuildOperationDecorator$BuildOperationEmittingAction::access$300 (5 bytes)
Event: 116.761 Thread 0x000001e1cd5eabb0 nmethod 13080 0x000001e1be9b2090 code [0x000001e1be9b2220, 0x000001e1be9b22d8]
Event: 116.763 Thread 0x000001e1cd5eabb0 13081       3       com.android.build.gradle.internal.api.DefaultAndroidSourceDirectorySet::addLateAdditionDelegate$gradle_core (22 bytes)
Event: 116.763 Thread 0x000001e1cd5eabb0 nmethod 13081 0x000001e1b6eed790 code [0x000001e1b6eed9c0, 0x000001e1b6eee168]
Event: 116.764 Thread 0x000001e1cd5eabb0 13082       3       com.google.common.collect.SingletonImmutableSet::iterator (5 bytes)
Event: 116.764 Thread 0x000001e1cd5eabb0 nmethod 13082 0x000001e1b6e1e910 code [0x000001e1b6e1eae0, 0x000001e1b6e1ee78]
Event: 116.767 Thread 0x000001e1cd5eabb0 13083       3       org.jetbrains.kotlin.gradle.plugin.mpp.DefaultCompilationDetails::getCompilationData (5 bytes)
Event: 116.767 Thread 0x000001e1cd5eabb0 nmethod 13083 0x000001e1b6d62810 code [0x000001e1b6d629a0, 0x000001e1b6d62ab8]
Event: 116.769 Thread 0x000001e1cd5eabb0 13084       3       org.gradle.api.internal.provider.AbstractCollectionProperty::add (27 bytes)
Event: 116.770 Thread 0x000001e1cd5eabb0 nmethod 13084 0x000001e1b7781910 code [0x000001e1b7781ba0, 0x000001e1b7782d08]
Event: 116.770 Thread 0x000001e1cd5eabb0 13085       3       com.google.common.base.Preconditions::checkNotNull (26 bytes)
Event: 116.771 Thread 0x000001e1cd5eabb0 nmethod 13085 0x000001e1b73ecf90 code [0x000001e1b73ed160, 0x000001e1b73ed5b8]
Event: 116.771 Thread 0x000001e1cd5eabb0 13086       3       com.android.build.gradle.internal.api.DefaultAndroidSourceDirectorySet::getSrcDirs (69 bytes)
Event: 116.772 Thread 0x000001e1cd5eabb0 nmethod 13086 0x000001e1b772f590 code [0x000001e1b772f7e0, 0x000001e1b7730088]
Event: 116.772 Thread 0x000001e1cd5eabb0 13087       3       com.google.common.collect.Lists::newArrayListWithExpectedSize (12 bytes)
Event: 116.773 Thread 0x000001e1cd5eabb0 nmethod 13087 0x000001e1b6e5c190 code [0x000001e1b6e5c360, 0x000001e1b6e5c6d8]
Event: 116.773 Thread 0x000001e1cd5eabb0 13088       3       org.jetbrains.kotlin.gradle.plugin.sources.DefaultKotlinSourceSet_Decorated::getAsDynamicObject (37 bytes)
Event: 116.773 Thread 0x000001e1cd5eabb0 nmethod 13088 0x000001e1b6f58f10 code [0x000001e1b6f59100, 0x000001e1b6f596c8]

GC Heap History (20 events):
Event: 83.527 GC heap before
{Heap before GC invocations=53 (full 0):
 garbage-first heap   total 199680K, used 154713K [0x0000000080000000, 0x0000000100000000)
  region size 1024K, 62 young (63488K), 5 survivors (5120K)
 Metaspace       used 91586K, committed 92480K, reserved 557056K
  class space    used 12821K, committed 13248K, reserved 425984K
}
Event: 83.548 GC heap after
{Heap after GC invocations=54 (full 0):
 garbage-first heap   total 199680K, used 101886K [0x0000000080000000, 0x0000000100000000)
  region size 1024K, 8 young (8192K), 8 survivors (8192K)
 Metaspace       used 91586K, committed 92480K, reserved 557056K
  class space    used 12821K, committed 13248K, reserved 425984K
}
Event: 85.953 GC heap before
{Heap before GC invocations=55 (full 0):
 garbage-first heap   total 199680K, used 158206K [0x0000000080000000, 0x0000000100000000)
  region size 1024K, 62 young (63488K), 8 survivors (8192K)
 Metaspace       used 94510K, committed 95424K, reserved 557056K
  class space    used 13216K, committed 13632K, reserved 425984K
}
Event: 85.974 GC heap after
{Heap after GC invocations=56 (full 0):
 garbage-first heap   total 199680K, used 115338K [0x0000000080000000, 0x0000000100000000)
  region size 1024K, 8 young (8192K), 8 survivors (8192K)
 Metaspace       used 94510K, committed 95424K, reserved 557056K
  class space    used 13216K, committed 13632K, reserved 425984K
}
Event: 86.001 GC heap before
{Heap before GC invocations=56 (full 0):
 garbage-first heap   total 199680K, used 116362K [0x0000000080000000, 0x0000000100000000)
  region size 1024K, 9 young (9216K), 8 survivors (8192K)
 Metaspace       used 94526K, committed 95424K, reserved 557056K
  class space    used 13217K, committed 13632K, reserved 425984K
}
Event: 86.017 GC heap after
{Heap after GC invocations=57 (full 0):
 garbage-first heap   total 199680K, used 117596K [0x0000000080000000, 0x0000000100000000)
  region size 1024K, 1 young (1024K), 1 survivors (1024K)
 Metaspace       used 94526K, committed 95424K, reserved 557056K
  class space    used 13217K, committed 13632K, reserved 425984K
}
Event: 88.435 GC heap before
{Heap before GC invocations=57 (full 0):
 garbage-first heap   total 199680K, used 163676K [0x0000000080000000, 0x0000000100000000)
  region size 1024K, 42 young (43008K), 1 survivors (1024K)
 Metaspace       used 95350K, committed 96384K, reserved 557056K
  class space    used 13349K, committed 13824K, reserved 425984K
}
Event: 88.446 GC heap after
{Heap after GC invocations=58 (full 0):
 garbage-first heap   total 199680K, used 131049K [0x0000000080000000, 0x0000000100000000)
  region size 1024K, 6 young (6144K), 6 survivors (6144K)
 Metaspace       used 95350K, committed 96384K, reserved 557056K
  class space    used 13349K, committed 13824K, reserved 425984K
}
Event: 89.992 GC heap before
{Heap before GC invocations=59 (full 0):
 garbage-first heap   total 227328K, used 158697K [0x0000000080000000, 0x0000000100000000)
  region size 1024K, 33 young (33792K), 6 survivors (6144K)
 Metaspace       used 97129K, committed 98112K, reserved 557056K
  class space    used 13576K, committed 14016K, reserved 425984K
}
Event: 90.006 GC heap after
{Heap after GC invocations=60 (full 0):
 garbage-first heap   total 227328K, used 134076K [0x0000000080000000, 0x0000000100000000)
  region size 1024K, 3 young (3072K), 3 survivors (3072K)
 Metaspace       used 97129K, committed 98112K, reserved 557056K
  class space    used 13576K, committed 14016K, reserved 425984K
}
Event: 91.173 GC heap before
{Heap before GC invocations=60 (full 0):
 garbage-first heap   total 227328K, used 142268K [0x0000000080000000, 0x0000000100000000)
  region size 1024K, 11 young (11264K), 3 survivors (3072K)
 Metaspace       used 97474K, committed 98560K, reserved 557056K
  class space    used 13615K, committed 14080K, reserved 425984K
}
Event: 91.180 GC heap after
{Heap after GC invocations=61 (full 0):
 garbage-first heap   total 227328K, used 133955K [0x0000000080000000, 0x0000000100000000)
  region size 1024K, 1 young (1024K), 1 survivors (1024K)
 Metaspace       used 97474K, committed 98560K, reserved 557056K
  class space    used 13615K, committed 14080K, reserved 425984K
}
Event: 92.812 GC heap before
{Heap before GC invocations=61 (full 0):
 garbage-first heap   total 227328K, used 180035K [0x0000000080000000, 0x0000000100000000)
  region size 1024K, 46 young (47104K), 1 survivors (1024K)
 Metaspace       used 99794K, committed 100864K, reserved 557056K
  class space    used 13970K, committed 14464K, reserved 425984K
}
Event: 92.819 GC heap after
{Heap after GC invocations=62 (full 0):
 garbage-first heap   total 227328K, used 136122K [0x0000000080000000, 0x0000000100000000)
  region size 1024K, 3 young (3072K), 3 survivors (3072K)
 Metaspace       used 99794K, committed 100864K, reserved 557056K
  class space    used 13970K, committed 14464K, reserved 425984K
}
Event: 97.012 GC heap before
{Heap before GC invocations=62 (full 0):
 garbage-first heap   total 227328K, used 183226K [0x0000000080000000, 0x0000000100000000)
  region size 1024K, 49 young (50176K), 3 survivors (3072K)
 Metaspace       used 101219K, committed 102272K, reserved 557056K
  class space    used 14161K, committed 14656K, reserved 425984K
}
Event: 97.028 GC heap after
{Heap after GC invocations=63 (full 0):
 garbage-first heap   total 227328K, used 141523K [0x0000000080000000, 0x0000000100000000)
  region size 1024K, 7 young (7168K), 7 survivors (7168K)
 Metaspace       used 101219K, committed 102272K, reserved 557056K
  class space    used 14161K, committed 14656K, reserved 425984K
}
Event: 99.553 GC heap before
{Heap before GC invocations=63 (full 0):
 garbage-first heap   total 227328K, used 185555K [0x0000000080000000, 0x0000000100000000)
  region size 1024K, 50 young (51200K), 7 survivors (7168K)
 Metaspace       used 101351K, committed 102400K, reserved 557056K
  class space    used 14172K, committed 14656K, reserved 425984K
}
Event: 99.592 GC heap after
{Heap after GC invocations=64 (full 0):
 garbage-first heap   total 227328K, used 149467K [0x0000000080000000, 0x0000000100000000)
  region size 1024K, 7 young (7168K), 7 survivors (7168K)
 Metaspace       used 101351K, committed 102400K, reserved 557056K
  class space    used 14172K, committed 14656K, reserved 425984K
}
Event: 110.454 GC heap before
{Heap before GC invocations=64 (full 0):
 garbage-first heap   total 227328K, used 187355K [0x0000000080000000, 0x0000000100000000)
  region size 1024K, 44 young (45056K), 7 survivors (7168K)
 Metaspace       used 101694K, committed 102784K, reserved 557056K
  class space    used 14207K, committed 14720K, reserved 425984K
}
Event: 110.480 GC heap after
{Heap after GC invocations=65 (full 0):
 garbage-first heap   total 227328K, used 156549K [0x0000000080000000, 0x0000000100000000)
  region size 1024K, 6 young (6144K), 6 survivors (6144K)
 Metaspace       used 101694K, committed 102784K, reserved 557056K
  class space    used 14207K, committed 14720K, reserved 425984K
}

Deoptimization events (20 events):
Event: 99.072 Thread 0x000001e1ee8dd3c0 DEOPT PACKING pc=0x000001e1bef332ec sp=0x00000013c77f5de0
Event: 99.072 Thread 0x000001e1ee8dd3c0 DEOPT UNPACKING pc=0x000001e1be2d23a3 sp=0x00000013c77f5d78 mode 2
Event: 99.275 Thread 0x000001e1ee8dd3c0 DEOPT PACKING pc=0x000001e1b72472e3 sp=0x00000013c77f6240
Event: 99.275 Thread 0x000001e1ee8dd3c0 DEOPT UNPACKING pc=0x000001e1be2d2b43 sp=0x00000013c77f5790 mode 0
Event: 101.717 Thread 0x000001e1ee8dd3c0 DEOPT PACKING pc=0x000001e1b72e8571 sp=0x00000013c77f6150
Event: 101.717 Thread 0x000001e1ee8dd3c0 DEOPT UNPACKING pc=0x000001e1be2d2b43 sp=0x00000013c77f55b0 mode 0
Event: 103.746 Thread 0x000001e1ee8dd3c0 DEOPT PACKING pc=0x000001e1b81e767b sp=0x00000013c77f7b30
Event: 103.746 Thread 0x000001e1ee8dd3c0 DEOPT UNPACKING pc=0x000001e1be2d2b43 sp=0x00000013c77f7050 mode 0
Event: 106.179 Thread 0x000001e1ee8dd3c0 DEOPT PACKING pc=0x000001e1b81e767b sp=0x00000013c77f7b40
Event: 106.179 Thread 0x000001e1ee8dd3c0 DEOPT UNPACKING pc=0x000001e1be2d2b43 sp=0x00000013c77f7060 mode 0
Event: 115.956 Thread 0x000001e1ee8dd3c0 Uncommon trap: trap_request=0xffffffcc fr.pc=0x000001e1befbbd50 relative=0x00000000000002b0
Event: 115.956 Thread 0x000001e1ee8dd3c0 Uncommon trap: reason=intrinsic_or_type_checked_inlining action=make_not_entrant pc=0x000001e1befbbd50 method=java.util.Arrays.copyOfRange([Ljava/lang/Object;IILjava/lang/Class;)[Ljava/lang/Object; @ 84 c2
Event: 115.956 Thread 0x000001e1ee8dd3c0 DEOPT PACKING pc=0x000001e1befbbd50 sp=0x00000013c77f76b0
Event: 115.956 Thread 0x000001e1ee8dd3c0 DEOPT UNPACKING pc=0x000001e1be2d23a3 sp=0x00000013c77f7630 mode 2
Event: 116.225 Thread 0x000001e1ee8dd3c0 DEOPT PACKING pc=0x000001e1b81e767b sp=0x00000013c77f87c0
Event: 116.225 Thread 0x000001e1ee8dd3c0 DEOPT UNPACKING pc=0x000001e1be2d2b43 sp=0x00000013c77f7ce0 mode 0
Event: 116.628 Thread 0x000001e1ee8dd3c0 Uncommon trap: trap_request=0xffffff76 fr.pc=0x000001e1befc1fa8 relative=0x00000000000003e8
Event: 116.628 Thread 0x000001e1ee8dd3c0 Uncommon trap: reason=predicate action=maybe_recompile pc=0x000001e1befc1fa8 method=java.util.AbstractCollection.toArray([Ljava/lang/Object;)[Ljava/lang/Object; @ 43 c2
Event: 116.629 Thread 0x000001e1ee8dd3c0 DEOPT PACKING pc=0x000001e1befc1fa8 sp=0x00000013c77f9250
Event: 116.629 Thread 0x000001e1ee8dd3c0 DEOPT UNPACKING pc=0x000001e1be2d23a3 sp=0x00000013c77f91e8 mode 2

Classes unloaded (0 events):
No events

Classes redefined (0 events):
No events

Internal exceptions (20 events):
Event: 102.916 Thread 0x000001e1ee8dd3c0 Exception <a 'java/lang/ClassNotFoundException'{0x000000008c8aef08}: build_5tr3m4u694275clsx56i55rcz$_run_closure1BeanInfo> (0x000000008c8aef08) 
thrown [s\open\src\hotspot\share\classfile\systemDictionary.cpp, line 256]
Event: 102.917 Thread 0x000001e1ee8dd3c0 Exception <a 'java/lang/ClassNotFoundException'{0x000000008c8b8ae8}: build_5tr3m4u694275clsx56i55rcz$_run_closure1Customizer> (0x000000008c8b8ae8) 
thrown [s\open\src\hotspot\share\classfile\systemDictionary.cpp, line 256]
Event: 103.112 Thread 0x000001e1ee8dd3c0 Exception <a 'java/lang/ClassNotFoundException'{0x000000008c595c10}: build_5fm70ta7yl26bgtdxt0ziv8ehBeanInfo> (0x000000008c595c10) 
thrown [s\open\src\hotspot\share\classfile\systemDictionary.cpp, line 256]
Event: 103.113 Thread 0x000001e1ee8dd3c0 Exception <a 'java/lang/ClassNotFoundException'{0x000000008c59c650}: build_5fm70ta7yl26bgtdxt0ziv8ehCustomizer> (0x000000008c59c650) 
thrown [s\open\src\hotspot\share\classfile\systemDictionary.cpp, line 256]
Event: 111.789 Thread 0x000001e1ee8dd3c0 Exception <a 'java/lang/ClassNotFoundException'{0x000000008d9a0618}: build_5fm70ta7yl26bgtdxt0ziv8ehBeanInfo> (0x000000008d9a0618) 
thrown [s\open\src\hotspot\share\classfile\systemDictionary.cpp, line 256]
Event: 111.790 Thread 0x000001e1ee8dd3c0 Exception <a 'java/lang/ClassNotFoundException'{0x000000008d9a6ff8}: build_5fm70ta7yl26bgtdxt0ziv8ehCustomizer> (0x000000008d9a6ff8) 
thrown [s\open\src\hotspot\share\classfile\systemDictionary.cpp, line 256]
Event: 115.005 Thread 0x000001e1ee8dd3c0 Exception <a 'java/lang/ClassNotFoundException'{0x000000008d2368d0}: build_5fm70ta7yl26bgtdxt0ziv8eh$_run_closure1BeanInfo> (0x000000008d2368d0) 
thrown [s\open\src\hotspot\share\classfile\systemDictionary.cpp, line 256]
Event: 115.006 Thread 0x000001e1ee8dd3c0 Exception <a 'java/lang/ClassNotFoundException'{0x000000008d242270}: build_5fm70ta7yl26bgtdxt0ziv8eh$_run_closure1Customizer> (0x000000008d242270) 
thrown [s\open\src\hotspot\share\classfile\systemDictionary.cpp, line 256]
Event: 115.606 Thread 0x000001e1ee8dd3c0 Exception <a 'java/lang/ClassNotFoundException'{0x000000008d0fae70}: build_1na03oz8zv28zkxkmmehyndvpBeanInfo> (0x000000008d0fae70) 
thrown [s\open\src\hotspot\share\classfile\systemDictionary.cpp, line 256]
Event: 115.606 Thread 0x000001e1ee8dd3c0 Exception <a 'java/lang/ClassNotFoundException'{0x000000008cf0ffe8}: build_1na03oz8zv28zkxkmmehyndvpCustomizer> (0x000000008cf0ffe8) 
thrown [s\open\src\hotspot\share\classfile\systemDictionary.cpp, line 256]
Event: 115.760 Thread 0x000001e1ee8dd3c0 Exception <a 'java/lang/ClassNotFoundException'{0x000000008cee7ba0}: build_1na03oz8zv28zkxkmmehyndvpBeanInfo> (0x000000008cee7ba0) 
thrown [s\open\src\hotspot\share\classfile\systemDictionary.cpp, line 256]
Event: 115.760 Thread 0x000001e1ee8dd3c0 Exception <a 'java/lang/ClassNotFoundException'{0x000000008ceee580}: build_1na03oz8zv28zkxkmmehyndvpCustomizer> (0x000000008ceee580) 
thrown [s\open\src\hotspot\share\classfile\systemDictionary.cpp, line 256]
Event: 116.196 Thread 0x000001e1ee8dd3c0 Exception <a 'java/lang/ClassNotFoundException'{0x000000008ca8c258}: com/android/build/gradle/internal/dsl/TestOptions_DecoratedBeanInfo> (0x000000008ca8c258) 
thrown [s\open\src\hotspot\share\classfile\systemDictionary.cpp, line 256]
Event: 116.197 Thread 0x000001e1ee8dd3c0 Exception <a 'java/lang/ClassNotFoundException'{0x000000008ca9a0a8}: com/android/build/gradle/internal/dsl/TestOptionsBeanInfo> (0x000000008ca9a0a8) 
thrown [s\open\src\hotspot\share\classfile\systemDictionary.cpp, line 256]
Event: 116.198 Thread 0x000001e1ee8dd3c0 Exception <a 'java/lang/ClassNotFoundException'{0x000000008caa7ed8}: com/android/build/gradle/internal/dsl/TestOptionsCustomizer> (0x000000008caa7ed8) 
thrown [s\open\src\hotspot\share\classfile\systemDictionary.cpp, line 256]
Event: 116.203 Thread 0x000001e1ee8dd3c0 Exception <a 'java/lang/ClassNotFoundException'{0x000000008cad2708}: com/android/build/gradle/internal/dsl/TestOptions_DecoratedCustomizer> (0x000000008cad2708) 
thrown [s\open\src\hotspot\share\classfile\systemDictionary.cpp, line 256]
Event: 116.208 Thread 0x000001e1ee8dd3c0 Exception <a 'java/lang/ClassNotFoundException'{0x000000008c931ba8}: com/android/build/gradle/internal/dsl/TestOptions$UnitTestOptions_DecoratedBeanInfo> (0x000000008c931ba8) 
thrown [s\open\src\hotspot\share\classfile\systemDictionary.cpp, line 256]
Event: 116.209 Thread 0x000001e1ee8dd3c0 Exception <a 'java/lang/ClassNotFoundException'{0x000000008c93fbf8}: com/android/build/gradle/internal/dsl/TestOptions$UnitTestOptionsBeanInfo> (0x000000008c93fbf8) 
thrown [s\open\src\hotspot\share\classfile\systemDictionary.cpp, line 256]
Event: 116.209 Thread 0x000001e1ee8dd3c0 Exception <a 'java/lang/ClassNotFoundException'{0x000000008c94dc28}: com/android/build/gradle/internal/dsl/TestOptions$UnitTestOptionsCustomizer> (0x000000008c94dc28) 
thrown [s\open\src\hotspot\share\classfile\systemDictionary.cpp, line 256]
Event: 116.211 Thread 0x000001e1ee8dd3c0 Exception <a 'java/lang/ClassNotFoundException'{0x000000008c962df8}: com/android/build/gradle/internal/dsl/TestOptions$UnitTestOptions_DecoratedCustomizer> (0x000000008c962df8) 
thrown [s\open\src\hotspot\share\classfile\systemDictionary.cpp, line 256]

VM Operations (20 events):
Event: 106.811 Executing VM operation: Cleanup
Event: 106.811 Executing VM operation: Cleanup done
Event: 108.859 Executing VM operation: Cleanup
Event: 108.859 Executing VM operation: Cleanup done
Event: 109.870 Executing VM operation: Cleanup
Event: 109.871 Executing VM operation: Cleanup done
Event: 110.454 Executing VM operation: G1CollectForAllocation
Event: 110.487 Executing VM operation: G1CollectForAllocation done
Event: 111.512 Executing VM operation: Cleanup
Event: 111.512 Executing VM operation: Cleanup done
Event: 112.796 Executing VM operation: Cleanup
Event: 112.796 Executing VM operation: Cleanup done
Event: 115.835 Executing VM operation: Cleanup
Event: 115.837 Executing VM operation: Cleanup done
Event: 116.628 Executing VM operation: HandshakeAllThreads
Event: 116.629 Executing VM operation: HandshakeAllThreads done
Event: 116.654 Executing VM operation: ICBufferFull
Event: 116.654 Executing VM operation: ICBufferFull done
Event: 116.676 Executing VM operation: HandshakeAllThreads
Event: 116.738 Executing VM operation: HandshakeAllThreads done

Events (20 events):
Event: 116.758 Thread 0x000001e1cd768790 flushing nmethod 0x000001e1b7e9b510
Event: 116.758 Thread 0x000001e1cd768790 flushing nmethod 0x000001e1b7eab890
Event: 116.758 Thread 0x000001e1cd768790 flushing nmethod 0x000001e1b7ec4a90
Event: 116.758 Thread 0x000001e1cd768790 flushing nmethod 0x000001e1b7ec5010
Event: 116.758 Thread 0x000001e1cd768790 flushing nmethod 0x000001e1b7ec8410
Event: 116.758 Thread 0x000001e1cd768790 flushing nmethod 0x000001e1b7ec9f90
Event: 116.758 Thread 0x000001e1cd768790 flushing nmethod 0x000001e1b7ecf590
Event: 116.758 Thread 0x000001e1cd768790 flushing nmethod 0x000001e1b7ecfa10
Event: 116.758 Thread 0x000001e1cd768790 flushing nmethod 0x000001e1b7ef7b10
Event: 116.758 Thread 0x000001e1cd768790 flushing nmethod 0x000001e1b7f69110
Event: 116.758 Thread 0x000001e1cd768790 flushing nmethod 0x000001e1b7f99590
Event: 116.759 Thread 0x000001e1cd768790 flushing nmethod 0x000001e1b7fb1390
Event: 116.759 Thread 0x000001e1cd768790 flushing nmethod 0x000001e1b7fb3510
Event: 116.759 Thread 0x000001e1cd768790 flushing nmethod 0x000001e1b7fb4310
Event: 116.759 Thread 0x000001e1cd768790 flushing nmethod 0x000001e1b7fb4d90
Event: 116.759 Thread 0x000001e1cd768790 flushing nmethod 0x000001e1b7fc5290
Event: 116.759 Thread 0x000001e1cd768790 flushing nmethod 0x000001e1b7ffd810
Event: 116.759 Thread 0x000001e1cd768790 flushing nmethod 0x000001e1b8072190
Event: 116.759 Thread 0x000001e1cd768790 flushing nmethod 0x000001e1b8073b10
Event: 116.759 Thread 0x000001e1cd768790 flushing nmethod 0x000001e1b80dc610


Dynamic libraries:
0x00007ff6c5bc0000 - 0x00007ff6c5bd0000 	C:\Program Files\Java\jdk-17\bin\java.exe
0x00007fffbdf30000 - 0x00007fffbe146000 	C:\WINDOWS\SYSTEM32\ntdll.dll
0x00007fffbc690000 - 0x00007fffbc754000 	C:\WINDOWS\System32\KERNEL32.DLL
0x00007fffbb6f0000 - 0x00007fffbba96000 	C:\WINDOWS\System32\KERNELBASE.dll
0x00007fffbb390000 - 0x00007fffbb4a1000 	C:\WINDOWS\System32\ucrtbase.dll
0x00007fff78fa0000 - 0x00007fff78fb9000 	C:\Program Files\Java\jdk-17\bin\jli.dll
0x00007fffbc760000 - 0x00007fffbc812000 	C:\WINDOWS\System32\ADVAPI32.dll
0x00007fffbd460000 - 0x00007fffbd507000 	C:\WINDOWS\System32\msvcrt.dll
0x00007fffbd5d0000 - 0x00007fffbd678000 	C:\WINDOWS\System32\sechost.dll
0x00007fffbb6c0000 - 0x00007fffbb6e8000 	C:\WINDOWS\System32\bcrypt.dll
0x00007fffbd340000 - 0x00007fffbd455000 	C:\WINDOWS\System32\RPCRT4.dll
0x00007fffbc370000 - 0x00007fffbc51d000 	C:\WINDOWS\System32\USER32.dll
0x00007fffbbb10000 - 0x00007fffbbb36000 	C:\WINDOWS\System32\win32u.dll
0x00007fffbd6e0000 - 0x00007fffbd709000 	C:\WINDOWS\System32\GDI32.dll
0x00007fffbb270000 - 0x00007fffbb388000 	C:\WINDOWS\System32\gdi32full.dll
0x00007fffbb620000 - 0x00007fffbb6ba000 	C:\WINDOWS\System32\msvcp_win.dll
0x00007fff78f80000 - 0x00007fff78f9b000 	C:\Program Files\Java\jdk-17\bin\VCRUNTIME140.dll
0x00007fff9b0c0000 - 0x00007fff9b353000 	C:\WINDOWS\WinSxS\amd64_microsoft.windows.common-controls_6595b64144ccf1df_6.0.22621.3235_none_270f74e173860f98\COMCTL32.dll
0x00007fffb0720000 - 0x00007fffb072a000 	C:\WINDOWS\SYSTEM32\VERSION.dll
0x00007fffbd680000 - 0x00007fffbd6b1000 	C:\WINDOWS\System32\IMM32.DLL
0x00007fff8c1d0000 - 0x00007fff8c1dc000 	C:\Program Files\Java\jdk-17\bin\vcruntime140_1.dll
0x00007fff5e300000 - 0x00007fff5e38e000 	C:\Program Files\Java\jdk-17\bin\msvcp140.dll
0x00007fff19990000 - 0x00007fff1a56f000 	C:\Program Files\Java\jdk-17\bin\server\jvm.dll
0x00007fffbbd80000 - 0x00007fffbbd88000 	C:\WINDOWS\System32\PSAPI.DLL
0x00007fffb6120000 - 0x00007fffb6129000 	C:\WINDOWS\SYSTEM32\WSOCK32.dll
0x00007fffbbe20000 - 0x00007fffbbe91000 	C:\WINDOWS\System32\WS2_32.dll
0x00007fffb3640000 - 0x00007fffb3674000 	C:\WINDOWS\SYSTEM32\WINMM.dll
0x00007fffba270000 - 0x00007fffba288000 	C:\WINDOWS\SYSTEM32\kernel.appcore.dll
0x00007fff8bad0000 - 0x00007fff8bada000 	C:\Program Files\Java\jdk-17\bin\jimage.dll
0x00007fffb8b00000 - 0x00007fffb8d33000 	C:\WINDOWS\SYSTEM32\DBGHELP.DLL
0x00007fffbbfd0000 - 0x00007fffbc358000 	C:\WINDOWS\System32\combase.dll
0x00007fffbc550000 - 0x00007fffbc627000 	C:\WINDOWS\System32\OLEAUT32.dll
0x00007fff91cb0000 - 0x00007fff91ce2000 	C:\WINDOWS\SYSTEM32\dbgcore.DLL
0x00007fffbbb40000 - 0x00007fffbbbba000 	C:\WINDOWS\System32\bcryptPrimitives.dll
0x00007fff85500000 - 0x00007fff8550e000 	C:\Program Files\Java\jdk-17\bin\instrument.dll
0x00007fff78700000 - 0x00007fff78725000 	C:\Program Files\Java\jdk-17\bin\java.dll
0x00007fff5cc20000 - 0x00007fff5ccf7000 	C:\Program Files\Java\jdk-17\bin\jsvml.dll
0x00007fffbc9e0000 - 0x00007fffbd23d000 	C:\WINDOWS\System32\SHELL32.dll
0x00007fffb9180000 - 0x00007fffb9a78000 	C:\WINDOWS\SYSTEM32\windows.storage.dll
0x00007fffb9040000 - 0x00007fffb917e000 	C:\WINDOWS\SYSTEM32\wintypes.dll
0x00007fffbbc80000 - 0x00007fffbbd73000 	C:\WINDOWS\System32\SHCORE.dll
0x00007fffbc630000 - 0x00007fffbc68e000 	C:\WINDOWS\System32\shlwapi.dll
0x00007fffbb1a0000 - 0x00007fffbb1c6000 	C:\WINDOWS\SYSTEM32\profapi.dll
0x00007fff78650000 - 0x00007fff78668000 	C:\Program Files\Java\jdk-17\bin\zip.dll
0x00007fff78d00000 - 0x00007fff78d19000 	C:\Program Files\Java\jdk-17\bin\net.dll
0x00007fffb2f20000 - 0x00007fffb3057000 	C:\WINDOWS\SYSTEM32\WINHTTP.dll
0x00007fffba6e0000 - 0x00007fffba749000 	C:\WINDOWS\system32\mswsock.dll
0x00007fff78670000 - 0x00007fff78686000 	C:\Program Files\Java\jdk-17\bin\nio.dll
0x00007fff8a770000 - 0x00007fff8a780000 	C:\Program Files\Java\jdk-17\bin\verify.dll
0x00007fff782d0000 - 0x00007fff782f7000 	C:\Users\jbkha\.gradle\native\68d5fa5c4cc2d200863cafc0d521ce42e7d3e7ee720ec0a83991735586a16f82\windows-amd64\native-platform.dll
0x00007fff534b0000 - 0x00007fff535f4000 	C:\Users\jbkha\.gradle\native\e376f236ea51e6404a007f0833ffe2c6e607c4080706a723a18a27aeea778392\windows-amd64\native-platform-file-events.dll
0x00007fff85520000 - 0x00007fff8552a000 	C:\Program Files\Java\jdk-17\bin\management.dll
0x00007fff85510000 - 0x00007fff8551b000 	C:\Program Files\Java\jdk-17\bin\management_ext.dll
0x00007fffbaa30000 - 0x00007fffbaa4b000 	C:\WINDOWS\SYSTEM32\CRYPTSP.dll
0x00007fffba1d0000 - 0x00007fffba205000 	C:\WINDOWS\system32\rsaenh.dll
0x00007fffba780000 - 0x00007fffba7ac000 	C:\WINDOWS\SYSTEM32\USERENV.dll
0x00007fffbaa10000 - 0x00007fffbaa1c000 	C:\WINDOWS\SYSTEM32\CRYPTBASE.dll
0x00007fffb9ce0000 - 0x00007fffb9d0d000 	C:\WINDOWS\SYSTEM32\IPHLPAPI.DLL
0x00007fffbc360000 - 0x00007fffbc369000 	C:\WINDOWS\System32\NSI.dll
0x00007fffb25e0000 - 0x00007fffb25f9000 	C:\WINDOWS\SYSTEM32\dhcpcsvc6.DLL
0x00007fffb25c0000 - 0x00007fffb25df000 	C:\WINDOWS\SYSTEM32\dhcpcsvc.DLL
0x00007fffb9d50000 - 0x00007fffb9e49000 	C:\WINDOWS\SYSTEM32\DNSAPI.dll
0x00007fff85050000 - 0x00007fff8505e000 	C:\Program Files\Java\jdk-17\bin\sunmscapi.dll
0x00007fffbb4b0000 - 0x00007fffbb616000 	C:\WINDOWS\System32\CRYPT32.dll
0x00007fffbab40000 - 0x00007fffbab6e000 	C:\WINDOWS\SYSTEM32\ncrypt.dll
0x00007fffbab00000 - 0x00007fffbab37000 	C:\WINDOWS\SYSTEM32\NTASN1.dll
0x00007fff93a90000 - 0x00007fff93a98000 	C:\WINDOWS\system32\wshunix.dll
0x00007fffacb20000 - 0x00007fffacb2a000 	C:\Windows\System32\rasadhlp.dll
0x00007fffb0390000 - 0x00007fffb0413000 	C:\WINDOWS\System32\fwpuclnt.dll
0x00007fff9abd0000 - 0x00007fff9abe7000 	C:\WINDOWS\system32\napinsp.dll
0x00007fff9abb0000 - 0x00007fff9abcb000 	C:\WINDOWS\system32\pnrpnsp.dll
0x00007fff9aae0000 - 0x00007fff9aaf1000 	C:\WINDOWS\System32\winrnr.dll
0x00007fff9aab0000 - 0x00007fff9aad1000 	C:\WINDOWS\system32\nlansp_c.dll
0x00007fff9aa90000 - 0x00007fff9aaa5000 	C:\WINDOWS\system32\wshbth.dll

dbghelp: loaded successfully - version: 4.0.5 - missing functions: none
symbol engine: initialized successfully - sym options: 0x614 - pdb path: .;C:\Program Files\Java\jdk-17\bin;C:\WINDOWS\SYSTEM32;C:\WINDOWS\WinSxS\amd64_microsoft.windows.common-controls_6595b64144ccf1df_6.0.22621.3235_none_270f74e173860f98;C:\Program Files\Java\jdk-17\bin\server;C:\Users\jbkha\.gradle\native\68d5fa5c4cc2d200863cafc0d521ce42e7d3e7ee720ec0a83991735586a16f82\windows-amd64;C:\Users\jbkha\.gradle\native\e376f236ea51e6404a007f0833ffe2c6e607c4080706a723a18a27aeea778392\windows-amd64

VM Arguments:
jvm_args: -XX:MaxMetaspaceSize=512m --add-opens=java.base/java.util=ALL-UNNAMED --add-opens=java.base/java.lang=ALL-UNNAMED --add-opens=java.base/java.lang.invoke=ALL-UNNAMED --add-opens=java.prefs/java.util.prefs=ALL-UNNAMED --add-opens=java.base/java.nio.charset=ALL-UNNAMED --add-opens=java.base/java.net=ALL-UNNAMED --add-opens=java.base/java.util.concurrent.atomic=ALL-UNNAMED -Xmx2048m -Dfile.encoding=windows-1252 -Duser.country=US -Duser.language=en -Duser.variant -javaagent:C:\Users\jbkha\.gradle\wrapper\dists\gradle-8.3-all\6en3ugtfdg5xnpx44z4qbwgas\gradle-8.3\lib\agents\gradle-instrumentation-agent-8.3.jar 
java_command: org.gradle.launcher.daemon.bootstrap.GradleDaemon 8.3
java_class_path (initial): C:\Users\jbkha\.gradle\wrapper\dists\gradle-8.3-all\6en3ugtfdg5xnpx44z4qbwgas\gradle-8.3\lib\gradle-launcher-8.3.jar
Launcher Type: SUN_STANDARD

[Global flags]
     intx CICompilerCount                          = 3                                         {product} {ergonomic}
   size_t CompressedClassSpaceSize                 = 436207616                                 {product} {ergonomic}
     uint ConcGCThreads                            = 1                                         {product} {ergonomic}
     uint G1ConcRefinementThreads                  = 4                                         {product} {ergonomic}
   size_t G1HeapRegionSize                         = 1048576                                   {product} {ergonomic}
    uintx GCDrainStackTargetSize                   = 64                                        {product} {ergonomic}
   size_t InitialHeapSize                          = 266338304                                 {product} {ergonomic}
   size_t MarkStackSize                            = 4194304                                   {product} {ergonomic}
   size_t MaxHeapSize                              = 2147483648                                {product} {command line}
   size_t MaxMetaspaceSize                         = 536870912                                 {product} {command line}
   size_t MaxNewSize                               = 1287651328                                {product} {ergonomic}
   size_t MinHeapDeltaBytes                        = 1048576                                   {product} {ergonomic}
   size_t MinHeapSize                              = 8388608                                   {product} {ergonomic}
    uintx NonNMethodCodeHeapSize                   = 5832780                                {pd product} {ergonomic}
    uintx NonProfiledCodeHeapSize                  = 122912730                              {pd product} {ergonomic}
    uintx ProfiledCodeHeapSize                     = 122912730                              {pd product} {ergonomic}
    uintx ReservedCodeCacheSize                    = 251658240                              {pd product} {ergonomic}
     bool SegmentedCodeCache                       = true                                      {product} {ergonomic}
   size_t SoftMaxHeapSize                          = 2147483648                             {manageable} {ergonomic}
     bool UseCompressedClassPointers               = true                           {product lp64_product} {ergonomic}
     bool UseCompressedOops                        = true                           {product lp64_product} {ergonomic}
     bool UseG1GC                                  = true                                      {product} {ergonomic}
     bool UseLargePagesIndividualAllocation        = false                                  {pd product} {ergonomic}

Logging:
Log output configuration:
 #0: stdout all=warning uptime,level,tags
 #1: stderr all=off uptime,level,tags

Environment Variables:
JAVA_HOME=C:\Program Files\Java\jdk-17
CLASSPATH=D:\Workspace\Mobile\ReactNativeProjects\ParkingFinder\android\\gradle\wrapper\gradle-wrapper.jar
PATH=D:\Workspace\Mobile\ReactNativeProjects\ParkingFinder\node_modules\.bin;D:\Workspace\Mobile\ReactNativeProjects\ParkingFinder\node_modules\.bin;D:\Workspace\Mobile\ReactNativeProjects\node_modules\.bin;D:\Workspace\Mobile\node_modules\.bin;D:\Workspace\node_modules\.bin;D:\node_modules\.bin;C:\Users\jbkha\AppData\Roaming\npm\node_modules\npm\node_modules\@npmcli\run-script\lib\node-gyp-bin;C:\Program Files\Common Files\Oracle\Java\javapath;C:\WINDOWS\system32;C:\WINDOWS;C:\WINDOWS\System32\Wbem;C:\WINDOWS\System32\WindowsPowerShell\v1.0\;C:\WINDOWS\System32\OpenSSH\;C:\Program Files\Git\cmd;C:\Users\jbkha\AppData\Local\Android\sdk\platform-tools;C:\Users\jbkha\AppData\Roaming\nvm;C:\Program Files\nodejs;C:\Program Files\nodejs\;C:\ProgramData\chocolatey\bin;C:\Docker\resources\bin;D:\Nginx\nginx-1.25.4;C:\Program Files\Go\bin;C:\Users\jbkha\AppData\Local\Android\Sdk\platform-tools;C:\Users\jbkha\AppData\Local\Android\Sdk\tools;C:\Users\jbkha\AppData\Local\Microsoft\WindowsApps;C:\Users\jbkha\AppData\Local\Programs\Microsoft VS Code\bin;C:\Users\jbkha\AppData\Roaming\nvm;C:\Program Files\nodejs;C:\Users\jbkha\AppData\Roaming\npm;C:\Users\jbkha\go\bin
USERNAME=jbkha
LANG=en_US.UTF-8
OS=Windows_NT
PROCESSOR_IDENTIFIER=Intel64 Family 6 Model 142 Stepping 12, GenuineIntel



---------------  S Y S T E M  ---------------

OS:
 Windows 11 , 64 bit Build 22621 (10.0.22621.3235)
OS uptime: 1 days 18:12 hours
Hyper-V role detected

CPU: total 4 (initial active 4) (2 cores per cpu, 2 threads per core) family 6 model 142 stepping 12 microcode 0xf8, cx8, cmov, fxsr, ht, mmx, 3dnowpref, sse, sse2, sse3, ssse3, sse4.1, sse4.2, popcnt, lzcnt, tsc, tscinvbit, avx, avx2, aes, erms, clmul, bmi1, bmi2, adx, fma, vzeroupper, clflush, clflushopt, hv

Memory: 4k page, system-wide physical 16247M (220M free)
TotalPageFile size 33972M (AvailPageFile size 0M)
current process WorkingSet (physical memory assigned to process): 494M, peak: 495M
current process commit charge ("private bytes"): 529M, peak: 531M

vm_info: Java HotSpot(TM) 64-Bit Server VM (17.0.10+11-LTS-240) for windows-amd64 JRE (17.0.10+11-LTS-240), built on Dec 19 2023 21:47:25 by "mach5one" with MS VC++ 17.1 (VS2022)

END.
